# JRE version: OpenJDK Runtime Environment (8.0_212-b04) (build 1.8.0_212-release-1586-b04)
# Java VM: OpenJDK 64-Bit Server VM (25.212-b04 mixed mode windows-amd64 compressed oops)
Heap:
 PSYoungGen      total 91136K, used 18322K [0x00000000e0000000, 0x00000000e6400000, 0x0000000100000000)
  eden space 80384K, 13% used [0x00000000e0000000,0x00000000e0a565f8,0x00000000e4e80000)
  from space 10752K, 71% used [0x00000000e5900000,0x00000000e608e468,0x00000000e6380000)
  to   space 10752K, 0% used [0x00000000e4e80000,0x00000000e4e80000,0x00000000e5900000)
 ParOldGen       total 51200K, used 15160K [0x00000000a0000000, 0x00000000a3200000, 0x00000000e0000000)
  object space 51200K, 29% used [0x00000000a0000000,0x00000000a0ece1a8,0x00000000a3200000)
 Metaspace       used 42041K, capacity 43098K, committed 43264K, reserved 1087488K
  class space    used 5694K, capacity 6025K, committed 6144K, reserved 1048576K
GC Heap History (10 events):
Event: 10.408 GC heap before
{Heap before GC invocations=10 (full 1):
 PSYoungGen      total 69632K, used 67623K [0x00000000e0000000, 0x00000000e4f00000, 0x0000000100000000)
  eden space 59904K, 100% used [0x00000000e0000000,0x00000000e3a80000,0x00000000e3a80000)
  from space 9728K, 79% used [0x00000000e4480000,0x00000000e4c09f50,0x00000000e4e00000)
  to   space 10240K, 0% used [0x00000000e3a80000,0x00000000e3a80000,0x00000000e4480000)
 ParOldGen       total 51200K, used 8334K [0x00000000a0000000, 0x00000000a3200000, 0x00000000e0000000)
  object space 51200K, 16% used [0x00000000a0000000,0x00000000a08239b8,0x00000000a3200000)
 Metaspace       used 31761K, capacity 32332K, committed 32512K, reserved 1077248K
  class space    used 4342K, capacity 4563K, committed 4608K, reserved 1048576K
Event: 10.437 GC heap after
Heap after GC invocations=10 (full 1):
 PSYoungGen      total 70144K, used 7866K [0x00000000e0000000, 0x00000000e4f00000, 0x0000000100000000)
  eden space 59904K, 0% used [0x00000000e0000000,0x00000000e0000000,0x00000000e3a80000)
  from space 10240K, 76% used [0x00000000e3a80000,0x00000000e422eb70,0x00000000e4480000)
  to   space 9728K, 0% used [0x00000000e4480000,0x00000000e4480000,0x00000000e4e00000)
 ParOldGen       total 51200K, used 8342K [0x00000000a0000000, 0x00000000a3200000, 0x00000000e0000000)
  object space 51200K, 16% used [0x00000000a0000000,0x00000000a08259b8,0x00000000a3200000)
 Metaspace       used 31761K, capacity 32332K, committed 32512K, reserved 1077248K
  class space    used 4342K, capacity 4563K, committed 4608K, reserved 1048576K
}
Event: 13.987 GC heap before
{Heap before GC invocations=11 (full 1):
 PSYoungGen      total 70144K, used 67770K [0x00000000e0000000, 0x00000000e4f00000, 0x0000000100000000)
  eden space 59904K, 100% used [0x00000000e0000000,0x00000000e3a80000,0x00000000e3a80000)
  from space 10240K, 76% used [0x00000000e3a80000,0x00000000e422eb70,0x00000000e4480000)
  to   space 9728K, 0% used [0x00000000e4480000,0x00000000e4480000,0x00000000e4e00000)
 ParOldGen       total 51200K, used 8342K [0x00000000a0000000, 0x00000000a3200000, 0x00000000e0000000)
  object space 51200K, 16% used [0x00000000a0000000,0x00000000a08259b8,0x00000000a3200000)
 Metaspace       used 34506K, capacity 35298K, committed 35456K, reserved 1079296K
  class space    used 4723K, capacity 4958K, committed 4992K, reserved 1048576K
Event: 14.003 GC heap after
Heap after GC invocations=11 (full 1):
 PSYoungGen      total 69632K, used 6208K [0x00000000e0000000, 0x00000000e4f00000, 0x0000000100000000)
  eden space 59904K, 0% used [0x00000000e0000000,0x00000000e0000000,0x00000000e3a80000)
  from space 9728K, 63% used [0x00000000e4480000,0x00000000e4a90190,0x00000000e4e00000)
  to   space 10240K, 0% used [0x00000000e3a80000,0x00000000e3a80000,0x00000000e4480000)
 ParOldGen       total 51200K, used 11738K [0x00000000a0000000, 0x00000000a3200000, 0x00000000e0000000)
  object space 51200K, 22% used [0x00000000a0000000,0x00000000a0b769e8,0x00000000a3200000)
 Metaspace       used 34506K, capacity 35298K, committed 35456K, reserved 1079296K
  class space    used 4723K, capacity 4958K, committed 4992K, reserved 1048576K
}
Event: 29.986 GC heap before
{Heap before GC invocations=12 (full 1):
 PSYoungGen      total 69632K, used 14721K [0x00000000e0000000, 0x00000000e4f00000, 0x0000000100000000)
  eden space 59904K, 14% used [0x00000000e0000000,0x00000000e0850360,0x00000000e3a80000)
  from space 9728K, 63% used [0x00000000e4480000,0x00000000e4a90190,0x00000000e4e00000)
  to   space 10240K, 0% used [0x00000000e3a80000,0x00000000e3a80000,0x00000000e4480000)
 ParOldGen       total 51200K, used 11738K [0x00000000a0000000, 0x00000000a3200000, 0x00000000e0000000)
  object space 51200K, 22% used [0x00000000a0000000,0x00000000a0b769e8,0x00000000a3200000)
 Metaspace       used 34595K, capacity 35374K, committed 35456K, reserved 1079296K
  class space    used 4736K, capacity 4962K, committed 4992K, reserved 1048576K
Event: 29.997 GC heap after
Heap after GC invocations=12 (full 1):
 PSYoungGen      total 70144K, used 1075K [0x00000000e0000000, 0x00000000e6380000, 0x0000000100000000)
  eden space 59904K, 0% used [0x00000000e0000000,0x00000000e0000000,0x00000000e3a80000)
  from space 10240K, 10% used [0x00000000e3a80000,0x00000000e3b8cdf0,0x00000000e4480000)
  to   space 10752K, 0% used [0x00000000e5900000,0x00000000e5900000,0x00000000e6380000)
 ParOldGen       total 51200K, used 15461K [0x00000000a0000000, 0x00000000a3200000, 0x00000000e0000000)
  object space 51200K, 30% used [0x00000000a0000000,0x00000000a0f195c0,0x00000000a3200000)
 Metaspace       used 34595K, capacity 35374K, committed 35456K, reserved 1079296K
  class space    used 4736K, capacity 4962K, committed 4992K, reserved 1048576K
}
Event: 29.997 GC heap before
{Heap before GC invocations=13 (full 2):
 PSYoungGen      total 70144K, used 1075K [0x00000000e0000000, 0x00000000e6380000, 0x0000000100000000)
  eden space 59904K, 0% used [0x00000000e0000000,0x00000000e0000000,0x00000000e3a80000)
  from space 10240K, 10% used [0x00000000e3a80000,0x00000000e3b8cdf0,0x00000000e4480000)
  to   space 10752K, 0% used [0x00000000e5900000,0x00000000e5900000,0x00000000e6380000)
 ParOldGen       total 51200K, used 15461K [0x00000000a0000000, 0x00000000a3200000, 0x00000000e0000000)
  object space 51200K, 30% used [0x00000000a0000000,0x00000000a0f195c0,0x00000000a3200000)
 Metaspace       used 34595K, capacity 35374K, committed 35456K, reserved 1079296K
  class space    used 4736K, capacity 4962K, committed 4992K, reserved 1048576K
Event: 30.118 GC heap after
Heap after GC invocations=13 (full 2):
 PSYoungGen      total 70144K, used 0K [0x00000000e0000000, 0x00000000e6380000, 0x0000000100000000)
  eden space 59904K, 0% used [0x00000000e0000000,0x00000000e0000000,0x00000000e3a80000)
  from space 10240K, 0% used [0x00000000e3a80000,0x00000000e3a80000,0x00000000e4480000)
  to   space 10752K, 0% used [0x00000000e5900000,0x00000000e5900000,0x00000000e6380000)
 ParOldGen       total 51200K, used 15152K [0x00000000a0000000, 0x00000000a3200000, 0x00000000e0000000)
  object space 51200K, 29% used [0x00000000a0000000,0x00000000a0ecc1a8,0x00000000a3200000)
 Metaspace       used 34586K, capacity 35344K, committed 35456K, reserved 1079296K
  class space    used 4733K, capacity 4957K, committed 4992K, reserved 1048576K
}
Event: 34.243 GC heap before
{Heap before GC invocations=14 (full 2):
 PSYoungGen      total 70144K, used 59904K [0x00000000e0000000, 0x00000000e6380000, 0x0000000100000000)
  eden space 59904K, 100% used [0x00000000e0000000,0x00000000e3a80000,0x00000000e3a80000)
  from space 10240K, 0% used [0x00000000e3a80000,0x00000000e3a80000,0x00000000e4480000)
  to   space 10752K, 0% used [0x00000000e5900000,0x00000000e5900000,0x00000000e6380000)
 ParOldGen       total 51200K, used 15152K [0x00000000a0000000, 0x00000000a3200000, 0x00000000e0000000)
  object space 51200K, 29% used [0x00000000a0000000,0x00000000a0ecc1a8,0x00000000a3200000)
 Metaspace       used 41430K, capacity 42500K, committed 42624K, reserved 1085440K
  class space    used 5583K, capacity 5892K, committed 6016K, reserved 1048576K
Event: 34.262 GC heap after
Heap after GC invocations=14 (full 2):
 PSYoungGen      total 91136K, used 7737K [0x00000000e0000000, 0x00000000e6400000, 0x0000000100000000)
  eden space 80384K, 0% used [0x00000000e0000000,0x00000000e0000000,0x00000000e4e80000)
  from space 10752K, 71% used [0x00000000e5900000,0x00000000e608e468,0x00000000e6380000)
  to   space 10752K, 0% used [0x00000000e4e80000,0x00000000e4e80000,0x00000000e5900000)
 ParOldGen       total 51200K, used 15160K [0x00000000a0000000, 0x00000000a3200000, 0x00000000e0000000)
  object space 51200K, 29% used [0x00000000a0000000,0x00000000a0ece1a8,0x00000000a3200000)
 Metaspace       used 41430K, capacity 42500K, committed 42624K, reserved 1085440K
  class space    used 5583K, capacity 5892K, committed 6016K, reserved 1048576K
}

