# JRE version: OpenJDK Runtime Environment (8.0_212-b04) (build 1.8.0_212-release-1586-b04)
# Java VM: OpenJDK 64-Bit Server VM (25.212-b04 mixed mode windows-amd64 compressed oops)
Heap:
 PSYoungGen      total 261120K, used 170027K [0x00000000e0000000, 0x00000000f3b80000, 0x0000000100000000)
  eden space 211456K, 67% used [0x00000000e0000000,0x00000000e8a732d8,0x00000000ece80000)
  from space 49664K, 56% used [0x00000000f0b00000,0x00000000f2697b98,0x00000000f3b80000)
  to   space 55808K, 0% used [0x00000000ece80000,0x00000000ece80000,0x00000000f0500000)
 ParOldGen       total 235008K, used 136734K [0x00000000a0000000, 0x00000000ae580000, 0x00000000e0000000)
  object space 235008K, 58% used [0x00000000a0000000,0x00000000a8587ab0,0x00000000ae580000)
 Metaspace       used 89821K, capacity 93549K, committed 93656K, reserved 1130496K
  class space    used 11897K, capacity 12695K, committed 12800K, reserved 1048576K
GC Heap History (10 events):
Event: 97.383 GC heap before
{Heap before GC invocations=20 (full 3):
 PSYoungGen      total 193024K, used 193022K [0x00000000e0000000, 0x00000000ee800000, 0x0000000100000000)
  eden space 175616K, 100% used [0x00000000e0000000,0x00000000eab80000,0x00000000eab80000)
  from space 17408K, 99% used [0x00000000ec580000,0x00000000ed67f820,0x00000000ed680000)
  to   space 26624K, 0% used [0x00000000eab80000,0x00000000eab80000,0x00000000ec580000)
 ParOldGen       total 110080K, used 54556K [0x00000000a0000000, 0x00000000a6b80000, 0x00000000e0000000)
  object space 110080K, 49% used [0x00000000a0000000,0x00000000a3547120,0x00000000a6b80000)
 Metaspace       used 78180K, capacity 81473K, committed 81496K, reserved 1120256K
  class space    used 10688K, capacity 11373K, committed 11392K, reserved 1048576K
Event: 97.498 GC heap after
Heap after GC invocations=20 (full 3):
 PSYoungGen      total 202240K, used 26612K [0x00000000e0000000, 0x00000000f1400000, 0x0000000100000000)
  eden space 175616K, 0% used [0x00000000e0000000,0x00000000e0000000,0x00000000eab80000)
  from space 26624K, 99% used [0x00000000eab80000,0x00000000ec57d280,0x00000000ec580000)
  to   space 38912K, 0% used [0x00000000eee00000,0x00000000eee00000,0x00000000f1400000)
 ParOldGen       total 110080K, used 77237K [0x00000000a0000000, 0x00000000a6b80000, 0x00000000e0000000)
  object space 110080K, 70% used [0x00000000a0000000,0x00000000a4b6d648,0x00000000a6b80000)
 Metaspace       used 78180K, capacity 81473K, committed 81496K, reserved 1120256K
  class space    used 10688K, capacity 11373K, committed 11392K, reserved 1048576K
}
Event: 101.776 GC heap before
{Heap before GC invocations=21 (full 3):
 PSYoungGen      total 202240K, used 202228K [0x00000000e0000000, 0x00000000f1400000, 0x0000000100000000)
  eden space 175616K, 100% used [0x00000000e0000000,0x00000000eab80000,0x00000000eab80000)
  from space 26624K, 99% used [0x00000000eab80000,0x00000000ec57d280,0x00000000ec580000)
  to   space 38912K, 0% used [0x00000000eee00000,0x00000000eee00000,0x00000000f1400000)
 ParOldGen       total 110080K, used 77237K [0x00000000a0000000, 0x00000000a6b80000, 0x00000000e0000000)
  object space 110080K, 70% used [0x00000000a0000000,0x00000000a4b6d648,0x00000000a6b80000)
 Metaspace       used 78953K, capacity 82393K, committed 82648K, reserved 1120256K
  class space    used 10763K, capacity 11457K, committed 11520K, reserved 1048576K
Event: 101.949 GC heap after
Heap after GC invocations=21 (full 3):
 PSYoungGen      total 222720K, used 38905K [0x00000000e0000000, 0x00000000f4600000, 0x0000000100000000)
  eden space 183808K, 0% used [0x00000000e0000000,0x00000000e0000000,0x00000000eb380000)
  from space 38912K, 99% used [0x00000000eee00000,0x00000000f13fe740,0x00000000f1400000)
  to   space 59904K, 0% used [0x00000000eb380000,0x00000000eb380000,0x00000000eee00000)
 ParOldGen       total 117760K, used 116792K [0x00000000a0000000, 0x00000000a7300000, 0x00000000e0000000)
  object space 117760K, 99% used [0x00000000a0000000,0x00000000a720e190,0x00000000a7300000)
 Metaspace       used 78953K, capacity 82393K, committed 82648K, reserved 1120256K
  class space    used 10763K, capacity 11457K, committed 11520K, reserved 1048576K
}
Event: 101.950 GC heap before
{Heap before GC invocations=22 (full 4):
 PSYoungGen      total 222720K, used 38905K [0x00000000e0000000, 0x00000000f4600000, 0x0000000100000000)
  eden space 183808K, 0% used [0x00000000e0000000,0x00000000e0000000,0x00000000eb380000)
  from space 38912K, 99% used [0x00000000eee00000,0x00000000f13fe740,0x00000000f1400000)
  to   space 59904K, 0% used [0x00000000eb380000,0x00000000eb380000,0x00000000eee00000)
 ParOldGen       total 117760K, used 116792K [0x00000000a0000000, 0x00000000a7300000, 0x00000000e0000000)
  object space 117760K, 99% used [0x00000000a0000000,0x00000000a720e190,0x00000000a7300000)
 Metaspace       used 78953K, capacity 82393K, committed 82648K, reserved 1120256K
  class space    used 10763K, capacity 11457K, committed 11520K, reserved 1048576K
Event: 103.277 GC heap after
Heap after GC invocations=22 (full 4):
 PSYoungGen      total 222720K, used 19420K [0x00000000e0000000, 0x00000000f4600000, 0x0000000100000000)
  eden space 183808K, 0% used [0x00000000e0000000,0x00000000e0000000,0x00000000eb380000)
  from space 38912K, 49% used [0x00000000eee00000,0x00000000f00f71f8,0x00000000f1400000)
  to   space 59904K, 0% used [0x00000000eb380000,0x00000000eb380000,0x00000000eee00000)
 ParOldGen       total 235008K, used 117238K [0x00000000a0000000, 0x00000000ae580000, 0x00000000e0000000)
  object space 235008K, 49% used [0x00000000a0000000,0x00000000a727d978,0x00000000ae580000)
 Metaspace       used 78752K, capacity 81865K, committed 82648K, reserved 1120256K
  class space    used 10695K, capacity 11337K, committed 11520K, reserved 1048576K
}
Event: 107.368 GC heap before
{Heap before GC invocations=23 (full 4):
 PSYoungGen      total 222720K, used 203228K [0x00000000e0000000, 0x00000000f4600000, 0x0000000100000000)
  eden space 183808K, 100% used [0x00000000e0000000,0x00000000eb380000,0x00000000eb380000)
  from space 38912K, 49% used [0x00000000eee00000,0x00000000f00f71f8,0x00000000f1400000)
  to   space 59904K, 0% used [0x00000000eb380000,0x00000000eb380000,0x00000000eee00000)
 ParOldGen       total 235008K, used 117238K [0x00000000a0000000, 0x00000000ae580000, 0x00000000e0000000)
  object space 235008K, 49% used [0x00000000a0000000,0x00000000a727d978,0x00000000ae580000)
 Metaspace       used 83355K, capacity 86645K, committed 86872K, reserved 1124352K
  class space    used 11338K, capacity 12041K, committed 12160K, reserved 1048576K
Event: 107.462 GC heap after
Heap after GC invocations=23 (full 4):
 PSYoungGen      total 243712K, used 23041K [0x00000000e0000000, 0x00000000f4280000, 0x0000000100000000)
  eden space 183808K, 0% used [0x00000000e0000000,0x00000000e0000000,0x00000000eb380000)
  from space 59904K, 38% used [0x00000000eb380000,0x00000000eca00600,0x00000000eee00000)
  to   space 56832K, 0% used [0x00000000f0b00000,0x00000000f0b00000,0x00000000f4280000)
 ParOldGen       total 235008K, used 136726K [0x00000000a0000000, 0x00000000ae580000, 0x00000000e0000000)
  object space 235008K, 58% used [0x00000000a0000000,0x00000000a8585ab0,0x00000000ae580000)
 Metaspace       used 83355K, capacity 86645K, committed 86872K, reserved 1124352K
  class space    used 11338K, capacity 12041K, committed 12160K, reserved 1048576K
}
Event: 463.819 GC heap before
{Heap before GC invocations=24 (full 4):
 PSYoungGen      total 243712K, used 206849K [0x00000000e0000000, 0x00000000f4280000, 0x0000000100000000)
  eden space 183808K, 100% used [0x00000000e0000000,0x00000000eb380000,0x00000000eb380000)
  from space 59904K, 38% used [0x00000000eb380000,0x00000000eca00600,0x00000000eee00000)
  to   space 56832K, 0% used [0x00000000f0b00000,0x00000000f0b00000,0x00000000f4280000)
 ParOldGen       total 235008K, used 136726K [0x00000000a0000000, 0x00000000ae580000, 0x00000000e0000000)
  object space 235008K, 58% used [0x00000000a0000000,0x00000000a8585ab0,0x00000000ae580000)
 Metaspace       used 88922K, capacity 92409K, committed 92504K, reserved 1128448K
  class space    used 11839K, capacity 12591K, committed 12672K, reserved 1048576K
Event: 463.879 GC heap after
Heap after GC invocations=24 (full 4):
 PSYoungGen      total 261120K, used 28254K [0x00000000e0000000, 0x00000000f3b80000, 0x0000000100000000)
  eden space 211456K, 0% used [0x00000000e0000000,0x00000000e0000000,0x00000000ece80000)
  from space 49664K, 56% used [0x00000000f0b00000,0x00000000f2697b98,0x00000000f3b80000)
  to   space 55808K, 0% used [0x00000000ece80000,0x00000000ece80000,0x00000000f0500000)
 ParOldGen       total 235008K, used 136734K [0x00000000a0000000, 0x00000000ae580000, 0x00000000e0000000)
  object space 235008K, 58% used [0x00000000a0000000,0x00000000a8587ab0,0x00000000ae580000)
 Metaspace       used 88922K, capacity 92409K, committed 92504K, reserved 1128448K
  class space    used 11839K, capacity 12591K, committed 12672K, reserved 1048576K
}

