# JRE version: OpenJDK Runtime Environment (8.0_212-b04) (build 1.8.0_212-release-1586-b04)
# Java VM: OpenJDK 64-Bit Server VM (25.212-b04 mixed mode windows-amd64 compressed oops)
Heap:
 PSYoungGen      total 358912K, used 181041K [0x00000000e0000000, 0x00000000fc200000, 0x0000000100000000)
  eden space 299520K, 44% used [0x00000000e0000000,0x00000000e827f0d0,0x00000000f2480000)
  from space 59392K, 79% used [0x00000000f2480000,0x00000000f52cd398,0x00000000f5e80000)
  to   space 65024K, 0% used [0x00000000f8280000,0x00000000f8280000,0x00000000fc200000)
 ParOldGen       total 254976K, used 145263K [0x00000000a0000000, 0x00000000af900000, 0x00000000e0000000)
  object space 254976K, 56% used [0x00000000a0000000,0x00000000a8ddbd18,0x00000000af900000)
 Metaspace       used 85136K, capacity 88872K, committed 89176K, reserved 1126400K
  class space    used 11305K, capacity 12064K, committed 12160K, reserved 1048576K
GC Heap History (10 events):
Event: 54.590 GC heap before
{Heap before GC invocations=19 (full 3):
 PSYoungGen      total 269312K, used 269296K [0x00000000e0000000, 0x00000000f6380000, 0x0000000100000000)
  eden space 247296K, 100% used [0x00000000e0000000,0x00000000ef180000,0x00000000ef180000)
  from space 22016K, 99% used [0x00000000ef180000,0x00000000f06fc0b0,0x00000000f0700000)
  to   space 33792K, 0% used [0x00000000f4280000,0x00000000f4280000,0x00000000f6380000)
 ParOldGen       total 114176K, used 55809K [0x00000000a0000000, 0x00000000a6f80000, 0x00000000e0000000)
  object space 114176K, 48% used [0x00000000a0000000,0x00000000a3680618,0x00000000a6f80000)
 Metaspace       used 74751K, capacity 77862K, committed 78040K, reserved 1116160K
  class space    used 10242K, capacity 10943K, committed 11008K, reserved 1048576K
Event: 54.863 GC heap after
Heap after GC invocations=19 (full 3):
 PSYoungGen      total 300032K, used 33760K [0x00000000e0000000, 0x00000000fc000000, 0x0000000100000000)
  eden space 266240K, 0% used [0x00000000e0000000,0x00000000e0000000,0x00000000f0400000)
  from space 33792K, 99% used [0x00000000f4280000,0x00000000f6378120,0x00000000f6380000)
  to   space 64000K, 0% used [0x00000000f0400000,0x00000000f0400000,0x00000000f4280000)
 ParOldGen       total 121856K, used 121503K [0x00000000a0000000, 0x00000000a7700000, 0x00000000e0000000)
  object space 121856K, 99% used [0x00000000a0000000,0x00000000a76a7e30,0x00000000a7700000)
 Metaspace       used 74751K, capacity 77862K, committed 78040K, reserved 1116160K
  class space    used 10242K, capacity 10943K, committed 11008K, reserved 1048576K
}
Event: 54.863 GC heap before
{Heap before GC invocations=20 (full 4):
 PSYoungGen      total 300032K, used 33760K [0x00000000e0000000, 0x00000000fc000000, 0x0000000100000000)
  eden space 266240K, 0% used [0x00000000e0000000,0x00000000e0000000,0x00000000f0400000)
  from space 33792K, 99% used [0x00000000f4280000,0x00000000f6378120,0x00000000f6380000)
  to   space 64000K, 0% used [0x00000000f0400000,0x00000000f0400000,0x00000000f4280000)
 ParOldGen       total 121856K, used 121503K [0x00000000a0000000, 0x00000000a7700000, 0x00000000e0000000)
  object space 121856K, 99% used [0x00000000a0000000,0x00000000a76a7e30,0x00000000a7700000)
 Metaspace       used 74751K, capacity 77862K, committed 78040K, reserved 1116160K
  class space    used 10242K, capacity 10943K, committed 11008K, reserved 1048576K
Event: 56.491 GC heap after
Heap after GC invocations=20 (full 4):
 PSYoungGen      total 300032K, used 23999K [0x00000000e0000000, 0x00000000fc000000, 0x0000000100000000)
  eden space 266240K, 0% used [0x00000000e0000000,0x00000000e0000000,0x00000000f0400000)
  from space 33792K, 71% used [0x00000000f4280000,0x00000000f59efeb8,0x00000000f6380000)
  to   space 64000K, 0% used [0x00000000f0400000,0x00000000f0400000,0x00000000f4280000)
 ParOldGen       total 254976K, used 121148K [0x00000000a0000000, 0x00000000af900000, 0x00000000e0000000)
  object space 254976K, 47% used [0x00000000a0000000,0x00000000a764f320,0x00000000af900000)
 Metaspace       used 74692K, capacity 77706K, committed 78040K, reserved 1116160K
  class space    used 10223K, capacity 10909K, committed 11008K, reserved 1048576K
}
Event: 102.120 GC heap before
{Heap before GC invocations=21 (full 4):
 PSYoungGen      total 300032K, used 290239K [0x00000000e0000000, 0x00000000fc000000, 0x0000000100000000)
  eden space 266240K, 100% used [0x00000000e0000000,0x00000000f0400000,0x00000000f0400000)
  from space 33792K, 71% used [0x00000000f4280000,0x00000000f59efeb8,0x00000000f6380000)
  to   space 64000K, 0% used [0x00000000f0400000,0x00000000f0400000,0x00000000f4280000)
 ParOldGen       total 254976K, used 121148K [0x00000000a0000000, 0x00000000af900000, 0x00000000e0000000)
  object space 254976K, 47% used [0x00000000a0000000,0x00000000a764f320,0x00000000af900000)
 Metaspace       used 83612K, capacity 86910K, committed 87000K, reserved 1124352K
  class space    used 11248K, capacity 11967K, committed 12032K, reserved 1048576K
Event: 102.322 GC heap after
Heap after GC invocations=21 (full 4):
 PSYoungGen      total 330240K, used 31299K [0x00000000e0000000, 0x00000000fa700000, 0x0000000100000000)
  eden space 266240K, 0% used [0x00000000e0000000,0x00000000e0000000,0x00000000f0400000)
  from space 64000K, 48% used [0x00000000f0400000,0x00000000f2290fd8,0x00000000f4280000)
  to   space 63488K, 0% used [0x00000000f6900000,0x00000000f6900000,0x00000000fa700000)
 ParOldGen       total 254976K, used 145247K [0x00000000a0000000, 0x00000000af900000, 0x00000000e0000000)
  object space 254976K, 56% used [0x00000000a0000000,0x00000000a8dd7d18,0x00000000af900000)
 Metaspace       used 83612K, capacity 86910K, committed 87000K, reserved 1124352K
  class space    used 11248K, capacity 11967K, committed 12032K, reserved 1048576K
}
Event: 192.088 GC heap before
{Heap before GC invocations=22 (full 4):
 PSYoungGen      total 330240K, used 297539K [0x00000000e0000000, 0x00000000fa700000, 0x0000000100000000)
  eden space 266240K, 100% used [0x00000000e0000000,0x00000000f0400000,0x00000000f0400000)
  from space 64000K, 48% used [0x00000000f0400000,0x00000000f2290fd8,0x00000000f4280000)
  to   space 63488K, 0% used [0x00000000f6900000,0x00000000f6900000,0x00000000fa700000)
 ParOldGen       total 254976K, used 145247K [0x00000000a0000000, 0x00000000af900000, 0x00000000e0000000)
  object space 254976K, 56% used [0x00000000a0000000,0x00000000a8dd7d18,0x00000000af900000)
 Metaspace       used 84320K, capacity 87650K, committed 87768K, reserved 1124352K
  class space    used 11266K, capacity 11993K, committed 12032K, reserved 1048576K
Event: 192.146 GC heap after
Heap after GC invocations=22 (full 4):
 PSYoungGen      total 348160K, used 22921K [0x00000000e0000000, 0x00000000f9880000, 0x0000000100000000)
  eden space 299520K, 0% used [0x00000000e0000000,0x00000000e0000000,0x00000000f2480000)
  from space 48640K, 47% used [0x00000000f6900000,0x00000000f7f625a0,0x00000000f9880000)
  to   space 59392K, 0% used [0x00000000f2480000,0x00000000f2480000,0x00000000f5e80000)
 ParOldGen       total 254976K, used 145255K [0x00000000a0000000, 0x00000000af900000, 0x00000000e0000000)
  object space 254976K, 56% used [0x00000000a0000000,0x00000000a8dd9d18,0x00000000af900000)
 Metaspace       used 84320K, capacity 87650K, committed 87768K, reserved 1124352K
  class space    used 11266K, capacity 11993K, committed 12032K, reserved 1048576K
}
Event: 238.626 GC heap before
{Heap before GC invocations=23 (full 4):
 PSYoungGen      total 348160K, used 322441K [0x00000000e0000000, 0x00000000f9880000, 0x0000000100000000)
  eden space 299520K, 100% used [0x00000000e0000000,0x00000000f2480000,0x00000000f2480000)
  from space 48640K, 47% used [0x00000000f6900000,0x00000000f7f625a0,0x00000000f9880000)
  to   space 59392K, 0% used [0x00000000f2480000,0x00000000f2480000,0x00000000f5e80000)
 ParOldGen       total 254976K, used 145255K [0x00000000a0000000, 0x00000000af900000, 0x00000000e0000000)
  object space 254976K, 56% used [0x00000000a0000000,0x00000000a8dd9d18,0x00000000af900000)
 Metaspace       used 85112K, capacity 88808K, committed 88920K, reserved 1126400K
  class space    used 11305K, capacity 12064K, committed 12160K, reserved 1048576K
Event: 238.706 GC heap after
Heap after GC invocations=23 (full 4):
 PSYoungGen      total 358912K, used 47412K [0x00000000e0000000, 0x00000000fc200000, 0x0000000100000000)
  eden space 299520K, 0% used [0x00000000e0000000,0x00000000e0000000,0x00000000f2480000)
  from space 59392K, 79% used [0x00000000f2480000,0x00000000f52cd398,0x00000000f5e80000)
  to   space 65024K, 0% used [0x00000000f8280000,0x00000000f8280000,0x00000000fc200000)
 ParOldGen       total 254976K, used 145263K [0x00000000a0000000, 0x00000000af900000, 0x00000000e0000000)
  object space 254976K, 56% used [0x00000000a0000000,0x00000000a8ddbd18,0x00000000af900000)
 Metaspace       used 85112K, capacity 88808K, committed 88920K, reserved 1126400K
  class space    used 11305K, capacity 12064K, committed 12160K, reserved 1048576K
}

