# JRE version: OpenJDK Runtime Environment (8.0_212-b04) (build 1.8.0_212-release-1586-b04)
# Java VM: OpenJDK 64-Bit Server VM (25.212-b04 mixed mode windows-amd64 compressed oops)
Heap:
 PSYoungGen      total 142848K, used 49872K [0x00000000e0000000, 0x00000000edc80000, 0x0000000100000000)
  eden space 112128K, 17% used [0x00000000e0000000,0x00000000e12bbf60,0x00000000e6d80000)
  from space 30720K, 99% used [0x00000000e6d80000,0x00000000e8b78488,0x00000000e8b80000)
  to   space 43008K, 0% used [0x00000000eb280000,0x00000000eb280000,0x00000000edc80000)
 ParOldGen       total 116736K, used 74778K [0x00000000a0000000, 0x00000000a7200000, 0x00000000e0000000)
  object space 116736K, 64% used [0x00000000a0000000,0x00000000a4906a40,0x00000000a7200000)
 Metaspace       used 76907K, capacity 79812K, committed 80152K, reserved 1118208K
  class space    used 10310K, capacity 10937K, committed 11048K, reserved 1048576K
GC Heap History (10 events):
Event: 40.744 GC heap before
{Heap before GC invocations=20 (full 3):
 PSYoungGen      total 112640K, used 95232K [0x00000000e0000000, 0x00000000e9600000, 0x0000000100000000)
  eden space 95232K, 100% used [0x00000000e0000000,0x00000000e5d00000,0x00000000e5d00000)
  from space 17408K, 0% used [0x00000000e6f00000,0x00000000e6f00000,0x00000000e8000000)
  to   space 18432K, 0% used [0x00000000e5d00000,0x00000000e5d00000,0x00000000e6f00000)
 ParOldGen       total 116736K, used 28983K [0x00000000a0000000, 0x00000000a7200000, 0x00000000e0000000)
  object space 116736K, 24% used [0x00000000a0000000,0x00000000a1c4dec0,0x00000000a7200000)
 Metaspace       used 59819K, capacity 61722K, committed 61848K, reserved 1101824K
  class space    used 8112K, capacity 8568K, committed 8616K, reserved 1048576K
Event: 40.781 GC heap after
Heap after GC invocations=20 (full 3):
 PSYoungGen      total 113664K, used 8647K [0x00000000e0000000, 0x00000000e9d00000, 0x0000000100000000)
  eden space 95232K, 0% used [0x00000000e0000000,0x00000000e0000000,0x00000000e5d00000)
  from space 18432K, 46% used [0x00000000e5d00000,0x00000000e6571d58,0x00000000e6f00000)
  to   space 17920K, 0% used [0x00000000e8b80000,0x00000000e8b80000,0x00000000e9d00000)
 ParOldGen       total 116736K, used 28991K [0x00000000a0000000, 0x00000000a7200000, 0x00000000e0000000)
  object space 116736K, 24% used [0x00000000a0000000,0x00000000a1c4fec0,0x00000000a7200000)
 Metaspace       used 59819K, capacity 61722K, committed 61848K, reserved 1101824K
  class space    used 8112K, capacity 8568K, committed 8616K, reserved 1048576K
}
Event: 78.020 GC heap before
{Heap before GC invocations=21 (full 3):
 PSYoungGen      total 113664K, used 103879K [0x00000000e0000000, 0x00000000e9d00000, 0x0000000100000000)
  eden space 95232K, 100% used [0x00000000e0000000,0x00000000e5d00000,0x00000000e5d00000)
  from space 18432K, 46% used [0x00000000e5d00000,0x00000000e6571d58,0x00000000e6f00000)
  to   space 17920K, 0% used [0x00000000e8b80000,0x00000000e8b80000,0x00000000e9d00000)
 ParOldGen       total 116736K, used 28991K [0x00000000a0000000, 0x00000000a7200000, 0x00000000e0000000)
  object space 116736K, 24% used [0x00000000a0000000,0x00000000a1c4fec0,0x00000000a7200000)
 Metaspace       used 62537K, capacity 64612K, committed 64792K, reserved 1105920K
  class space    used 8428K, capacity 8957K, committed 9000K, reserved 1048576K
Event: 78.073 GC heap after
Heap after GC invocations=21 (full 3):
 PSYoungGen      total 139776K, used 13470K [0x00000000e0000000, 0x00000000e9c00000, 0x0000000100000000)
  eden space 122880K, 0% used [0x00000000e0000000,0x00000000e0000000,0x00000000e7800000)
  from space 16896K, 79% used [0x00000000e8b80000,0x00000000e98a7800,0x00000000e9c00000)
  to   space 18432K, 0% used [0x00000000e7800000,0x00000000e7800000,0x00000000e8a00000)
 ParOldGen       total 116736K, used 28999K [0x00000000a0000000, 0x00000000a7200000, 0x00000000e0000000)
  object space 116736K, 24% used [0x00000000a0000000,0x00000000a1c51ec0,0x00000000a7200000)
 Metaspace       used 62537K, capacity 64612K, committed 64792K, reserved 1105920K
  class space    used 8428K, capacity 8957K, committed 9000K, reserved 1048576K
}
Event: 88.585 GC heap before
{Heap before GC invocations=22 (full 3):
 PSYoungGen      total 139776K, used 136350K [0x00000000e0000000, 0x00000000e9c00000, 0x0000000100000000)
  eden space 122880K, 100% used [0x00000000e0000000,0x00000000e7800000,0x00000000e7800000)
  from space 16896K, 79% used [0x00000000e8b80000,0x00000000e98a7800,0x00000000e9c00000)
  to   space 18432K, 0% used [0x00000000e7800000,0x00000000e7800000,0x00000000e8a00000)
 ParOldGen       total 116736K, used 28999K [0x00000000a0000000, 0x00000000a7200000, 0x00000000e0000000)
  object space 116736K, 24% used [0x00000000a0000000,0x00000000a1c51ec0,0x00000000a7200000)
 Metaspace       used 67450K, capacity 69600K, committed 69656K, reserved 1110016K
  class space    used 9007K, capacity 9507K, committed 9512K, reserved 1048576K
Event: 88.646 GC heap after
Heap after GC invocations=22 (full 3):
 PSYoungGen      total 141312K, used 18428K [0x00000000e0000000, 0x00000000e9c00000, 0x0000000100000000)
  eden space 122880K, 0% used [0x00000000e0000000,0x00000000e0000000,0x00000000e7800000)
  from space 18432K, 99% used [0x00000000e7800000,0x00000000e89ff060,0x00000000e8a00000)
  to   space 16896K, 0% used [0x00000000e8b80000,0x00000000e8b80000,0x00000000e9c00000)
 ParOldGen       total 116736K, used 40953K [0x00000000a0000000, 0x00000000a7200000, 0x00000000e0000000)
  object space 116736K, 35% used [0x00000000a0000000,0x00000000a27fe530,0x00000000a7200000)
 Metaspace       used 67450K, capacity 69600K, committed 69656K, reserved 1110016K
  class space    used 9007K, capacity 9507K, committed 9512K, reserved 1048576K
}
Event: 99.868 GC heap before
{Heap before GC invocations=23 (full 3):
 PSYoungGen      total 141312K, used 141130K [0x00000000e0000000, 0x00000000e9c00000, 0x0000000100000000)
  eden space 122880K, 99% used [0x00000000e0000000,0x00000000e77d37c8,0x00000000e7800000)
  from space 18432K, 99% used [0x00000000e7800000,0x00000000e89ff060,0x00000000e8a00000)
  to   space 16896K, 0% used [0x00000000e8b80000,0x00000000e8b80000,0x00000000e9c00000)
 ParOldGen       total 116736K, used 40953K [0x00000000a0000000, 0x00000000a7200000, 0x00000000e0000000)
  object space 116736K, 35% used [0x00000000a0000000,0x00000000a27fe530,0x00000000a7200000)
 Metaspace       used 75691K, capacity 78452K, committed 78616K, reserved 1118208K
  class space    used 10143K, capacity 10737K, committed 10792K, reserved 1048576K
Event: 99.939 GC heap after
Heap after GC invocations=23 (full 3):
 PSYoungGen      total 129024K, used 16882K [0x00000000e0000000, 0x00000000ed180000, 0x0000000100000000)
  eden space 112128K, 0% used [0x00000000e0000000,0x00000000e0000000,0x00000000e6d80000)
  from space 16896K, 99% used [0x00000000e8b80000,0x00000000e9bfc8c8,0x00000000e9c00000)
  to   space 30720K, 0% used [0x00000000e6d80000,0x00000000e6d80000,0x00000000e8b80000)
 ParOldGen       total 116736K, used 53248K [0x00000000a0000000, 0x00000000a7200000, 0x00000000e0000000)
  object space 116736K, 45% used [0x00000000a0000000,0x00000000a3400318,0x00000000a7200000)
 Metaspace       used 75691K, capacity 78452K, committed 78616K, reserved 1118208K
  class space    used 10143K, capacity 10737K, committed 10792K, reserved 1048576K
}
Event: 108.842 GC heap before
{Heap before GC invocations=24 (full 3):
 PSYoungGen      total 129024K, used 129010K [0x00000000e0000000, 0x00000000ed180000, 0x0000000100000000)
  eden space 112128K, 100% used [0x00000000e0000000,0x00000000e6d80000,0x00000000e6d80000)
  from space 16896K, 99% used [0x00000000e8b80000,0x00000000e9bfc8c8,0x00000000e9c00000)
  to   space 30720K, 0% used [0x00000000e6d80000,0x00000000e6d80000,0x00000000e8b80000)
 ParOldGen       total 116736K, used 53248K [0x00000000a0000000, 0x00000000a7200000, 0x00000000e0000000)
  object space 116736K, 45% used [0x00000000a0000000,0x00000000a3400318,0x00000000a7200000)
 Metaspace       used 76843K, capacity 79806K, committed 80152K, reserved 1118208K
  class space    used 10307K, capacity 10936K, committed 11048K, reserved 1048576K
Event: 109.090 GC heap after
Heap after GC invocations=24 (full 3):
 PSYoungGen      total 142848K, used 30689K [0x00000000e0000000, 0x00000000edc80000, 0x0000000100000000)
  eden space 112128K, 0% used [0x00000000e0000000,0x00000000e0000000,0x00000000e6d80000)
  from space 30720K, 99% used [0x00000000e6d80000,0x00000000e8b78488,0x00000000e8b80000)
  to   space 43008K, 0% used [0x00000000eb280000,0x00000000eb280000,0x00000000edc80000)
 ParOldGen       total 116736K, used 74778K [0x00000000a0000000, 0x00000000a7200000, 0x00000000e0000000)
  object space 116736K, 64% used [0x00000000a0000000,0x00000000a4906a40,0x00000000a7200000)
 Metaspace       used 76843K, capacity 79806K, committed 80152K, reserved 1118208K
  class space    used 10307K, capacity 10936K, committed 11048K, reserved 1048576K
}

