# JRE version: OpenJDK Runtime Environment (8.0_212-b04) (build 1.8.0_212-release-1586-b04)
# Java VM: OpenJDK 64-Bit Server VM (25.212-b04 mixed mode windows-amd64 compressed oops)
Heap:
 PSYoungGen      total 395264K, used 97684K [0x00000000e0000000, 0x00000000ff580000, 0x0000000100000000)
  eden space 282112K, 28% used [0x00000000e0000000,0x00000000e4d96d00,0x00000000f1380000)
  from space 113152K, 16% used [0x00000000f8700000,0x00000000f98ce418,0x00000000ff580000)
  to   space 115712K, 0% used [0x00000000f1380000,0x00000000f1380000,0x00000000f8480000)
 ParOldGen       total 226816K, used 183626K [0x00000000a0000000, 0x00000000add80000, 0x00000000e0000000)
  object space 226816K, 80% used [0x00000000a0000000,0x00000000ab352a30,0x00000000add80000)
 Metaspace       used 91445K, capacity 98064K, committed 98136K, reserved 1134592K
  class space    used 11778K, capacity 12914K, committed 12928K, reserved 1048576K
GC Heap History (10 events):
Event: 3617.737 GC heap before
{Heap before GC invocations=61 (full 5):
 PSYoungGen      total 393728K, used 339283K [0x00000000e0000000, 0x0000000100000000, 0x0000000100000000)
  eden space 268288K, 100% used [0x00000000e0000000,0x00000000f0600000,0x00000000f0600000)
  from space 125440K, 56% used [0x00000000f0600000,0x00000000f4b54c18,0x00000000f8080000)
  to   space 128000K, 0% used [0x00000000f8300000,0x00000000f8300000,0x0000000100000000)
 ParOldGen       total 226816K, used 174425K [0x00000000a0000000, 0x00000000add80000, 0x00000000e0000000)
  object space 226816K, 76% used [0x00000000a0000000,0x00000000aaa56468,0x00000000add80000)
 Metaspace       used 91237K, capacity 97792K, committed 97880K, reserved 1134592K
  class space    used 11778K, capacity 12914K, committed 12928K, reserved 1048576K
Event: 3617.773 GC heap after
Heap after GC invocations=61 (full 5):
 PSYoungGen      total 396288K, used 10986K [0x00000000e0000000, 0x00000000ffd80000, 0x0000000100000000)
  eden space 270848K, 0% used [0x00000000e0000000,0x00000000e0000000,0x00000000f0880000)
  from space 125440K, 8% used [0x00000000f8300000,0x00000000f8dbaa78,0x00000000ffd80000)
  to   space 125440K, 0% used [0x00000000f0880000,0x00000000f0880000,0x00000000f8300000)
 ParOldGen       total 226816K, used 175869K [0x00000000a0000000, 0x00000000add80000, 0x00000000e0000000)
  object space 226816K, 77% used [0x00000000a0000000,0x00000000aabbf7e8,0x00000000add80000)
 Metaspace       used 91237K, capacity 97792K, committed 97880K, reserved 1134592K
  class space    used 11778K, capacity 12914K, committed 12928K, reserved 1048576K
}
Event: 3623.025 GC heap before
{Heap before GC invocations=62 (full 5):
 PSYoungGen      total 396288K, used 281834K [0x00000000e0000000, 0x00000000ffd80000, 0x0000000100000000)
  eden space 270848K, 100% used [0x00000000e0000000,0x00000000f0880000,0x00000000f0880000)
  from space 125440K, 8% used [0x00000000f8300000,0x00000000f8dbaa78,0x00000000ffd80000)
  to   space 125440K, 0% used [0x00000000f0880000,0x00000000f0880000,0x00000000f8300000)
 ParOldGen       total 226816K, used 175869K [0x00000000a0000000, 0x00000000add80000, 0x00000000e0000000)
  object space 226816K, 77% used [0x00000000a0000000,0x00000000aabbf7e8,0x00000000add80000)
 Metaspace       used 91306K, capacity 97928K, committed 98136K, reserved 1134592K
  class space    used 11778K, capacity 12914K, committed 12928K, reserved 1048576K
Event: 3623.201 GC heap after
Heap after GC invocations=62 (full 5):
 PSYoungGen      total 396288K, used 61454K [0x00000000e0000000, 0x00000000ffe00000, 0x0000000100000000)
  eden space 270848K, 0% used [0x00000000e0000000,0x00000000e0000000,0x00000000f0880000)
  from space 125440K, 48% used [0x00000000f0880000,0x00000000f4483b68,0x00000000f8300000)
  to   space 124416K, 0% used [0x00000000f8480000,0x00000000f8480000,0x00000000ffe00000)
 ParOldGen       total 226816K, used 178532K [0x00000000a0000000, 0x00000000add80000, 0x00000000e0000000)
  object space 226816K, 78% used [0x00000000a0000000,0x00000000aae591c0,0x00000000add80000)
 Metaspace       used 91306K, capacity 97928K, committed 98136K, reserved 1134592K
  class space    used 11778K, capacity 12914K, committed 12928K, reserved 1048576K
}
Event: 3757.353 GC heap before
{Heap before GC invocations=63 (full 5):
 PSYoungGen      total 396288K, used 332302K [0x00000000e0000000, 0x00000000ffe00000, 0x0000000100000000)
  eden space 270848K, 100% used [0x00000000e0000000,0x00000000f0880000,0x00000000f0880000)
  from space 125440K, 48% used [0x00000000f0880000,0x00000000f4483b68,0x00000000f8300000)
  to   space 124416K, 0% used [0x00000000f8480000,0x00000000f8480000,0x00000000ffe00000)
 ParOldGen       total 226816K, used 178532K [0x00000000a0000000, 0x00000000add80000, 0x00000000e0000000)
  object space 226816K, 78% used [0x00000000a0000000,0x00000000aae591c0,0x00000000add80000)
 Metaspace       used 91321K, capacity 97992K, committed 98136K, reserved 1134592K
  class space    used 11778K, capacity 12914K, committed 12928K, reserved 1048576K
Event: 3757.389 GC heap after
Heap after GC invocations=63 (full 5):
 PSYoungGen      total 395776K, used 8797K [0x00000000e0000000, 0x00000000ffb00000, 0x0000000100000000)
  eden space 274432K, 0% used [0x00000000e0000000,0x00000000e0000000,0x00000000f0c00000)
  from space 121344K, 7% used [0x00000000f8480000,0x00000000f8d17710,0x00000000ffb00000)
  to   space 122368K, 0% used [0x00000000f0c00000,0x00000000f0c00000,0x00000000f8380000)
 ParOldGen       total 226816K, used 183610K [0x00000000a0000000, 0x00000000add80000, 0x00000000e0000000)
  object space 226816K, 80% used [0x00000000a0000000,0x00000000ab34ea30,0x00000000add80000)
 Metaspace       used 91321K, capacity 97992K, committed 98136K, reserved 1134592K
  class space    used 11778K, capacity 12914K, committed 12928K, reserved 1048576K
}
Event: 3762.757 GC heap before
{Heap before GC invocations=64 (full 5):
 PSYoungGen      total 395776K, used 283229K [0x00000000e0000000, 0x00000000ffb00000, 0x0000000100000000)
  eden space 274432K, 100% used [0x00000000e0000000,0x00000000f0c00000,0x00000000f0c00000)
  from space 121344K, 7% used [0x00000000f8480000,0x00000000f8d17710,0x00000000ffb00000)
  to   space 122368K, 0% used [0x00000000f0c00000,0x00000000f0c00000,0x00000000f8380000)
 ParOldGen       total 226816K, used 183610K [0x00000000a0000000, 0x00000000add80000, 0x00000000e0000000)
  object space 226816K, 80% used [0x00000000a0000000,0x00000000ab34ea30,0x00000000add80000)
 Metaspace       used 91398K, capacity 98064K, committed 98136K, reserved 1134592K
  class space    used 11778K, capacity 12914K, committed 12928K, reserved 1048576K
Event: 3762.842 GC heap after
Heap after GC invocations=64 (full 5):
 PSYoungGen      total 396800K, used 55381K [0x00000000e0000000, 0x00000000ffc00000, 0x0000000100000000)
  eden space 274432K, 0% used [0x00000000e0000000,0x00000000e0000000,0x00000000f0c00000)
  from space 122368K, 45% used [0x00000000f0c00000,0x00000000f4215520,0x00000000f8380000)
  to   space 119808K, 0% used [0x00000000f8700000,0x00000000f8700000,0x00000000ffc00000)
 ParOldGen       total 226816K, used 183618K [0x00000000a0000000, 0x00000000add80000, 0x00000000e0000000)
  object space 226816K, 80% used [0x00000000a0000000,0x00000000ab350a30,0x00000000add80000)
 Metaspace       used 91398K, capacity 98064K, committed 98136K, reserved 1134592K
  class space    used 11778K, capacity 12914K, committed 12928K, reserved 1048576K
}
Event: 3764.881 GC heap before
{Heap before GC invocations=65 (full 5):
 PSYoungGen      total 396800K, used 322948K [0x00000000e0000000, 0x00000000ffc00000, 0x0000000100000000)
  eden space 274432K, 97% used [0x00000000e0000000,0x00000000f054bdb8,0x00000000f0c00000)
  from space 122368K, 45% used [0x00000000f0c00000,0x00000000f4215520,0x00000000f8380000)
  to   space 119808K, 0% used [0x00000000f8700000,0x00000000f8700000,0x00000000ffc00000)
 ParOldGen       total 226816K, used 183618K [0x00000000a0000000, 0x00000000add80000, 0x00000000e0000000)
  object space 226816K, 80% used [0x00000000a0000000,0x00000000ab350a30,0x00000000add80000)
 Metaspace       used 91401K, capacity 98064K, committed 98136K, reserved 1134592K
  class space    used 11778K, capacity 12914K, committed 12928K, reserved 1048576K
Event: 3764.921 GC heap after
Heap after GC invocations=65 (full 5):
 PSYoungGen      total 395264K, used 18233K [0x00000000e0000000, 0x00000000ff580000, 0x0000000100000000)
  eden space 282112K, 0% used [0x00000000e0000000,0x00000000e0000000,0x00000000f1380000)
  from space 113152K, 16% used [0x00000000f8700000,0x00000000f98ce418,0x00000000ff580000)
  to   space 115712K, 0% used [0x00000000f1380000,0x00000000f1380000,0x00000000f8480000)
 ParOldGen       total 226816K, used 183626K [0x00000000a0000000, 0x00000000add80000, 0x00000000e0000000)
  object space 226816K, 80% used [0x00000000a0000000,0x00000000ab352a30,0x00000000add80000)
 Metaspace       used 91401K, capacity 98064K, committed 98136K, reserved 1134592K
  class space    used 11778K, capacity 12914K, committed 12928K, reserved 1048576K
}

