# JRE version: OpenJDK Runtime Environment (8.0_212-b04) (build 1.8.0_212-release-1586-b04)
# Java VM: OpenJDK 64-Bit Server VM (25.212-b04 mixed mode windows-amd64 compressed oops)
Heap:
 PSYoungGen      total 29696K, used 18131K [0x00000000e0000000, 0x00000000e3c00000, 0x0000000100000000)
  eden space 25088K, 59% used [0x00000000e0000000,0x00000000e0ea9450,0x00000000e1880000)
  from space 4608K, 67% used [0x00000000e2200000,0x00000000e250bb70,0x00000000e2680000)
  to   space 9728K, 0% used [0x00000000e1880000,0x00000000e1880000,0x00000000e2200000)
 ParOldGen       total 52736K, used 12271K [0x00000000a0000000, 0x00000000a3380000, 0x00000000e0000000)
  object space 52736K, 23% used [0x00000000a0000000,0x00000000a0bfbfa0,0x00000000a3380000)
 Metaspace       used 30977K, capacity 31536K, committed 31872K, reserved 1077248K
  class space    used 4204K, capacity 4403K, committed 4480K, reserved 1048576K
GC Heap History (10 events):
Event: 8.107 GC heap before
{Heap before GC invocations=7 (full 0):
 PSYoungGen      total 34816K, used 16902K [0x00000000e0000000, 0x00000000e2680000, 0x0000000100000000)
  eden space 30208K, 40% used [0x00000000e0000000,0x00000000e0c05ad0,0x00000000e1d80000)
  from space 4608K, 99% used [0x00000000e2200000,0x00000000e267c040,0x00000000e2680000)
  to   space 4608K, 0% used [0x00000000e1d80000,0x00000000e1d80000,0x00000000e2200000)
 ParOldGen       total 79360K, used 10391K [0x00000000a0000000, 0x00000000a4d80000, 0x00000000e0000000)
  object space 79360K, 13% used [0x00000000a0000000,0x00000000a0a25ca0,0x00000000a4d80000)
 Metaspace       used 20756K, capacity 21206K, committed 21296K, reserved 1067008K
  class space    used 2996K, capacity 3165K, committed 3200K, reserved 1048576K
Event: 8.121 GC heap after
Heap after GC invocations=7 (full 0):
 PSYoungGen      total 34816K, used 4596K [0x00000000e0000000, 0x00000000e2680000, 0x0000000100000000)
  eden space 30208K, 0% used [0x00000000e0000000,0x00000000e0000000,0x00000000e1d80000)
  from space 4608K, 99% used [0x00000000e1d80000,0x00000000e21fd360,0x00000000e2200000)
  to   space 4608K, 0% used [0x00000000e2200000,0x00000000e2200000,0x00000000e2680000)
 ParOldGen       total 79360K, used 12171K [0x00000000a0000000, 0x00000000a4d80000, 0x00000000e0000000)
  object space 79360K, 15% used [0x00000000a0000000,0x00000000a0be2fd0,0x00000000a4d80000)
 Metaspace       used 20756K, capacity 21206K, committed 21296K, reserved 1067008K
  class space    used 2996K, capacity 3165K, committed 3200K, reserved 1048576K
}
Event: 8.121 GC heap before
{Heap before GC invocations=8 (full 1):
 PSYoungGen      total 34816K, used 4596K [0x00000000e0000000, 0x00000000e2680000, 0x0000000100000000)
  eden space 30208K, 0% used [0x00000000e0000000,0x00000000e0000000,0x00000000e1d80000)
  from space 4608K, 99% used [0x00000000e1d80000,0x00000000e21fd360,0x00000000e2200000)
  to   space 4608K, 0% used [0x00000000e2200000,0x00000000e2200000,0x00000000e2680000)
 ParOldGen       total 79360K, used 12171K [0x00000000a0000000, 0x00000000a4d80000, 0x00000000e0000000)
  object space 79360K, 15% used [0x00000000a0000000,0x00000000a0be2fd0,0x00000000a4d80000)
 Metaspace       used 20756K, capacity 21206K, committed 21296K, reserved 1067008K
  class space    used 2996K, capacity 3165K, committed 3200K, reserved 1048576K
Event: 8.201 GC heap after
Heap after GC invocations=8 (full 1):
 PSYoungGen      total 34816K, used 0K [0x00000000e0000000, 0x00000000e2680000, 0x0000000100000000)
  eden space 30208K, 0% used [0x00000000e0000000,0x00000000e0000000,0x00000000e1d80000)
  from space 4608K, 0% used [0x00000000e1d80000,0x00000000e1d80000,0x00000000e2200000)
  to   space 4608K, 0% used [0x00000000e2200000,0x00000000e2200000,0x00000000e2680000)
 ParOldGen       total 52736K, used 8330K [0x00000000a0000000, 0x00000000a3380000, 0x00000000e0000000)
  object space 52736K, 15% used [0x00000000a0000000,0x00000000a0822ae0,0x00000000a3380000)
 Metaspace       used 20756K, capacity 21206K, committed 21296K, reserved 1067008K
  class space    used 2996K, capacity 3165K, committed 3200K, reserved 1048576K
}
Event: 9.320 GC heap before
{Heap before GC invocations=9 (full 1):
 PSYoungGen      total 34816K, used 30208K [0x00000000e0000000, 0x00000000e2680000, 0x0000000100000000)
  eden space 30208K, 100% used [0x00000000e0000000,0x00000000e1d80000,0x00000000e1d80000)
  from space 4608K, 0% used [0x00000000e1d80000,0x00000000e1d80000,0x00000000e2200000)
  to   space 4608K, 0% used [0x00000000e2200000,0x00000000e2200000,0x00000000e2680000)
 ParOldGen       total 52736K, used 8330K [0x00000000a0000000, 0x00000000a3380000, 0x00000000e0000000)
  object space 52736K, 15% used [0x00000000a0000000,0x00000000a0822ae0,0x00000000a3380000)
 Metaspace       used 26302K, capacity 26804K, committed 27136K, reserved 1073152K
  class space    used 3538K, capacity 3747K, committed 3840K, reserved 1048576K
Event: 9.330 GC heap after
Heap after GC invocations=9 (full 1):
 PSYoungGen      total 34816K, used 4577K [0x00000000e0000000, 0x00000000e2680000, 0x0000000100000000)
  eden space 30208K, 0% used [0x00000000e0000000,0x00000000e0000000,0x00000000e1d80000)
  from space 4608K, 99% used [0x00000000e2200000,0x00000000e2678448,0x00000000e2680000)
  to   space 4608K, 0% used [0x00000000e1d80000,0x00000000e1d80000,0x00000000e2200000)
 ParOldGen       total 52736K, used 8533K [0x00000000a0000000, 0x00000000a3380000, 0x00000000e0000000)
  object space 52736K, 16% used [0x00000000a0000000,0x00000000a0855770,0x00000000a3380000)
 Metaspace       used 26302K, capacity 26804K, committed 27136K, reserved 1073152K
  class space    used 3538K, capacity 3747K, committed 3840K, reserved 1048576K
}
Event: 10.029 GC heap before
{Heap before GC invocations=10 (full 1):
 PSYoungGen      total 34816K, used 34785K [0x00000000e0000000, 0x00000000e2680000, 0x0000000100000000)
  eden space 30208K, 100% used [0x00000000e0000000,0x00000000e1d80000,0x00000000e1d80000)
  from space 4608K, 99% used [0x00000000e2200000,0x00000000e2678448,0x00000000e2680000)
  to   space 4608K, 0% used [0x00000000e1d80000,0x00000000e1d80000,0x00000000e2200000)
 ParOldGen       total 52736K, used 8533K [0x00000000a0000000, 0x00000000a3380000, 0x00000000e0000000)
  object space 52736K, 16% used [0x00000000a0000000,0x00000000a0855770,0x00000000a3380000)
 Metaspace       used 28469K, capacity 29036K, committed 29312K, reserved 1075200K
  class space    used 3904K, capacity 4103K, committed 4224K, reserved 1048576K
Event: 10.043 GC heap after
Heap after GC invocations=10 (full 1):
 PSYoungGen      total 34816K, used 4583K [0x00000000e0000000, 0x00000000e2680000, 0x0000000100000000)
  eden space 30208K, 0% used [0x00000000e0000000,0x00000000e0000000,0x00000000e1d80000)
  from space 4608K, 99% used [0x00000000e1d80000,0x00000000e21f9ec0,0x00000000e2200000)
  to   space 4608K, 0% used [0x00000000e2200000,0x00000000e2200000,0x00000000e2680000)
 ParOldGen       total 52736K, used 9579K [0x00000000a0000000, 0x00000000a3380000, 0x00000000e0000000)
  object space 52736K, 18% used [0x00000000a0000000,0x00000000a095af70,0x00000000a3380000)
 Metaspace       used 28469K, capacity 29036K, committed 29312K, reserved 1075200K
  class space    used 3904K, capacity 4103K, committed 4224K, reserved 1048576K
}
Event: 11.790 GC heap before
{Heap before GC invocations=11 (full 1):
 PSYoungGen      total 34816K, used 34791K [0x00000000e0000000, 0x00000000e2680000, 0x0000000100000000)
  eden space 30208K, 100% used [0x00000000e0000000,0x00000000e1d80000,0x00000000e1d80000)
  from space 4608K, 99% used [0x00000000e1d80000,0x00000000e21f9ec0,0x00000000e2200000)
  to   space 4608K, 0% used [0x00000000e2200000,0x00000000e2200000,0x00000000e2680000)
 ParOldGen       total 52736K, used 9579K [0x00000000a0000000, 0x00000000a3380000, 0x00000000e0000000)
  object space 52736K, 18% used [0x00000000a0000000,0x00000000a095af70,0x00000000a3380000)
 Metaspace       used 30272K, capacity 30800K, committed 30976K, reserved 1075200K
  class space    used 4098K, capacity 4307K, committed 4352K, reserved 1048576K
Event: 11.814 GC heap after
Heap after GC invocations=11 (full 1):
 PSYoungGen      total 29696K, used 3118K [0x00000000e0000000, 0x00000000e3c00000, 0x0000000100000000)
  eden space 25088K, 0% used [0x00000000e0000000,0x00000000e0000000,0x00000000e1880000)
  from space 4608K, 67% used [0x00000000e2200000,0x00000000e250bb70,0x00000000e2680000)
  to   space 9728K, 0% used [0x00000000e1880000,0x00000000e1880000,0x00000000e2200000)
 ParOldGen       total 52736K, used 12271K [0x00000000a0000000, 0x00000000a3380000, 0x00000000e0000000)
  object space 52736K, 23% used [0x00000000a0000000,0x00000000a0bfbfa0,0x00000000a3380000)
 Metaspace       used 30272K, capacity 30800K, committed 30976K, reserved 1075200K
  class space    used 4098K, capacity 4307K, committed 4352K, reserved 1048576K
}

