# JRE version: OpenJDK Runtime Environment (8.0_212-b04) (build 1.8.0_212-release-1586-b04)
# Java VM: OpenJDK 64-Bit Server VM (25.212-b04 mixed mode windows-amd64 compressed oops)
Heap:
 PSYoungGen      total 401408K, used 307469K [0x00000000e0000000, 0x00000000fe080000, 0x0000000100000000)
  eden space 330752K, 87% used [0x00000000e0000000,0x00000000f19835e8,0x00000000f4300000)
  from space 70656K, 27% used [0x00000000f4300000,0x00000000f55c0048,0x00000000f8800000)
  to   space 61440K, 0% used [0x00000000fa480000,0x00000000fa480000,0x00000000fe080000)
 ParOldGen       total 267776K, used 78609K [0x00000000a0000000, 0x00000000b0580000, 0x00000000e0000000)
  object space 267776K, 29% used [0x00000000a0000000,0x00000000a4cc4688,0x00000000b0580000)
 Metaspace       used 94282K, capacity 98892K, committed 99032K, reserved 1134592K
  class space    used 12181K, capacity 13018K, committed 13056K, reserved 1048576K
GC Heap History (10 events):
Event: 1530.396 GC heap before
{Heap before GC invocations=24 (full 5):
 PSYoungGen      total 354304K, used 15893K [0x00000000e0000000, 0x00000000fd300000, 0x0000000100000000)
  eden space 278528K, 0% used [0x00000000e0000000,0x00000000e0000000,0x00000000f1000000)
  from space 75776K, 20% used [0x00000000f1000000,0x00000000f1f854d8,0x00000000f5a00000)
  to   space 73216K, 0% used [0x00000000f8b80000,0x00000000f8b80000,0x00000000fd300000)
 ParOldGen       total 249344K, used 199654K [0x00000000a0000000, 0x00000000af380000, 0x00000000e0000000)
  object space 249344K, 80% used [0x00000000a0000000,0x00000000ac2f9bc8,0x00000000af380000)
 Metaspace       used 92571K, capacity 96198K, committed 96856K, reserved 1132544K
  class space    used 12013K, capacity 12749K, committed 12928K, reserved 1048576K
Event: 1530.891 GC heap after
Heap after GC invocations=24 (full 5):
 PSYoungGen      total 354304K, used 0K [0x00000000e0000000, 0x00000000fd300000, 0x0000000100000000)
  eden space 278528K, 0% used [0x00000000e0000000,0x00000000e0000000,0x00000000f1000000)
  from space 75776K, 0% used [0x00000000f1000000,0x00000000f1000000,0x00000000f5a00000)
  to   space 73216K, 0% used [0x00000000f8b80000,0x00000000f8b80000,0x00000000fd300000)
 ParOldGen       total 267776K, used 78585K [0x00000000a0000000, 0x00000000b0580000, 0x00000000e0000000)
  object space 267776K, 29% used [0x00000000a0000000,0x00000000a4cbe688,0x00000000b0580000)
 Metaspace       used 92406K, capacity 95922K, committed 96856K, reserved 1132544K
  class space    used 11981K, capacity 12687K, committed 12928K, reserved 1048576K
}
Event: 1904.075 GC heap before
{Heap before GC invocations=25 (full 5):
 PSYoungGen      total 354304K, used 278528K [0x00000000e0000000, 0x00000000fd300000, 0x0000000100000000)
  eden space 278528K, 100% used [0x00000000e0000000,0x00000000f1000000,0x00000000f1000000)
  from space 75776K, 0% used [0x00000000f1000000,0x00000000f1000000,0x00000000f5a00000)
  to   space 73216K, 0% used [0x00000000f8b80000,0x00000000f8b80000,0x00000000fd300000)
 ParOldGen       total 267776K, used 78585K [0x00000000a0000000, 0x00000000b0580000, 0x00000000e0000000)
  object space 267776K, 29% used [0x00000000a0000000,0x00000000a4cbe688,0x00000000b0580000)
 Metaspace       used 92795K, capacity 96582K, committed 97112K, reserved 1134592K
  class space    used 12018K, capacity 12753K, committed 12928K, reserved 1048576K
Event: 1904.112 GC heap after
Heap after GC invocations=25 (full 5):
 PSYoungGen      total 397824K, used 16139K [0x00000000e0000000, 0x00000000fcd00000, 0x0000000100000000)
  eden space 330752K, 0% used [0x00000000e0000000,0x00000000e0000000,0x00000000f4300000)
  from space 67072K, 24% used [0x00000000f8b80000,0x00000000f9b42f40,0x00000000fcd00000)
  to   space 70656K, 0% used [0x00000000f4300000,0x00000000f4300000,0x00000000f8800000)
 ParOldGen       total 267776K, used 78593K [0x00000000a0000000, 0x00000000b0580000, 0x00000000e0000000)
  object space 267776K, 29% used [0x00000000a0000000,0x00000000a4cc0688,0x00000000b0580000)
 Metaspace       used 92795K, capacity 96582K, committed 97112K, reserved 1134592K
  class space    used 12018K, capacity 12753K, committed 12928K, reserved 1048576K
}
Event: 1959.096 GC heap before
{Heap before GC invocations=26 (full 5):
 PSYoungGen      total 397824K, used 346891K [0x00000000e0000000, 0x00000000fcd00000, 0x0000000100000000)
  eden space 330752K, 100% used [0x00000000e0000000,0x00000000f4300000,0x00000000f4300000)
  from space 67072K, 24% used [0x00000000f8b80000,0x00000000f9b42f40,0x00000000fcd00000)
  to   space 70656K, 0% used [0x00000000f4300000,0x00000000f4300000,0x00000000f8800000)
 ParOldGen       total 267776K, used 78593K [0x00000000a0000000, 0x00000000b0580000, 0x00000000e0000000)
  object space 267776K, 29% used [0x00000000a0000000,0x00000000a4cc0688,0x00000000b0580000)
 Metaspace       used 93385K, capacity 97416K, committed 97624K, reserved 1134592K
  class space    used 12074K, capacity 12826K, committed 12928K, reserved 1048576K
Event: 1959.143 GC heap after
Heap after GC invocations=26 (full 5):
 PSYoungGen      total 401408K, used 18854K [0x00000000e0000000, 0x00000000fcd00000, 0x0000000100000000)
  eden space 330752K, 0% used [0x00000000e0000000,0x00000000e0000000,0x00000000f4300000)
  from space 70656K, 26% used [0x00000000f4300000,0x00000000f5569ac0,0x00000000f8800000)
  to   space 67072K, 0% used [0x00000000f8b80000,0x00000000f8b80000,0x00000000fcd00000)
 ParOldGen       total 267776K, used 78601K [0x00000000a0000000, 0x00000000b0580000, 0x00000000e0000000)
  object space 267776K, 29% used [0x00000000a0000000,0x00000000a4cc2688,0x00000000b0580000)
 Metaspace       used 93385K, capacity 97416K, committed 97624K, reserved 1134592K
  class space    used 12074K, capacity 12826K, committed 12928K, reserved 1048576K
}
Event: 1992.128 GC heap before
{Heap before GC invocations=27 (full 5):
 PSYoungGen      total 401408K, used 349606K [0x00000000e0000000, 0x00000000fcd00000, 0x0000000100000000)
  eden space 330752K, 100% used [0x00000000e0000000,0x00000000f4300000,0x00000000f4300000)
  from space 70656K, 26% used [0x00000000f4300000,0x00000000f5569ac0,0x00000000f8800000)
  to   space 67072K, 0% used [0x00000000f8b80000,0x00000000f8b80000,0x00000000fcd00000)
 ParOldGen       total 267776K, used 78601K [0x00000000a0000000, 0x00000000b0580000, 0x00000000e0000000)
  object space 267776K, 29% used [0x00000000a0000000,0x00000000a4cc2688,0x00000000b0580000)
 Metaspace       used 93611K, capacity 97706K, committed 97880K, reserved 1134592K
  class space    used 12091K, capacity 12853K, committed 12928K, reserved 1048576K
Event: 1992.157 GC heap after
Heap after GC invocations=27 (full 5):
 PSYoungGen      total 397824K, used 18870K [0x00000000e0000000, 0x00000000fcd00000, 0x0000000100000000)
  eden space 330752K, 0% used [0x00000000e0000000,0x00000000e0000000,0x00000000f4300000)
  from space 67072K, 28% used [0x00000000f8b80000,0x00000000f9dedab0,0x00000000fcd00000)
  to   space 70656K, 0% used [0x00000000f4300000,0x00000000f4300000,0x00000000f8800000)
 ParOldGen       total 267776K, used 78601K [0x00000000a0000000, 0x00000000b0580000, 0x00000000e0000000)
  object space 267776K, 29% used [0x00000000a0000000,0x00000000a4cc2688,0x00000000b0580000)
 Metaspace       used 93611K, capacity 97706K, committed 97880K, reserved 1134592K
  class space    used 12091K, capacity 12853K, committed 12928K, reserved 1048576K
}
Event: 2084.635 GC heap before
{Heap before GC invocations=28 (full 5):
 PSYoungGen      total 397824K, used 349622K [0x00000000e0000000, 0x00000000fcd00000, 0x0000000100000000)
  eden space 330752K, 100% used [0x00000000e0000000,0x00000000f4300000,0x00000000f4300000)
  from space 67072K, 28% used [0x00000000f8b80000,0x00000000f9dedab0,0x00000000fcd00000)
  to   space 70656K, 0% used [0x00000000f4300000,0x00000000f4300000,0x00000000f8800000)
 ParOldGen       total 267776K, used 78601K [0x00000000a0000000, 0x00000000b0580000, 0x00000000e0000000)
  object space 267776K, 29% used [0x00000000a0000000,0x00000000a4cc2688,0x00000000b0580000)
 Metaspace       used 94000K, capacity 98414K, committed 98776K, reserved 1134592K
  class space    used 12143K, capacity 12949K, committed 13056K, reserved 1048576K
Event: 2084.661 GC heap after
Heap after GC invocations=28 (full 5):
 PSYoungGen      total 401408K, used 19200K [0x00000000e0000000, 0x00000000fe080000, 0x0000000100000000)
  eden space 330752K, 0% used [0x00000000e0000000,0x00000000e0000000,0x00000000f4300000)
  from space 70656K, 27% used [0x00000000f4300000,0x00000000f55c0048,0x00000000f8800000)
  to   space 61440K, 0% used [0x00000000fa480000,0x00000000fa480000,0x00000000fe080000)
 ParOldGen       total 267776K, used 78609K [0x00000000a0000000, 0x00000000b0580000, 0x00000000e0000000)
  object space 267776K, 29% used [0x00000000a0000000,0x00000000a4cc4688,0x00000000b0580000)
 Metaspace       used 94000K, capacity 98414K, committed 98776K, reserved 1134592K
  class space    used 12143K, capacity 12949K, committed 13056K, reserved 1048576K
}

