# JRE version: OpenJDK Runtime Environment (8.0_212-b04) (build 1.8.0_212-release-1586-b04)
# Java VM: OpenJDK 64-Bit Server VM (25.212-b04 mixed mode windows-amd64 compressed oops)
Heap:
 PSYoungGen      total 129024K, used 19548K [0x00000000e0000000, 0x00000000ea380000, 0x0000000100000000)
  eden space 117248K, 16% used [0x00000000e0000000,0x00000000e13173d0,0x00000000e7280000)
  from space 11776K, 0% used [0x00000000e9800000,0x00000000e9800000,0x00000000ea380000)
  to   space 10240K, 0% used [0x00000000e7280000,0x00000000e7280000,0x00000000e7c80000)
 ParOldGen       total 50688K, used 16029K [0x00000000a0000000, 0x00000000a3180000, 0x00000000e0000000)
  object space 50688K, 31% used [0x00000000a0000000,0x00000000a0fa76d0,0x00000000a3180000)
 Metaspace       used 36538K, capacity 37506K, committed 37544K, reserved 1081344K
  class space    used 5012K, capacity 5286K, committed 5288K, reserved 1048576K
GC Heap History (10 events):
Event: 7.073 GC heap before
{Heap before GC invocations=8 (full 1):
 PSYoungGen      total 70144K, used 5445K [0x00000000e0000000, 0x00000000e8800000, 0x0000000100000000)
  eden space 59904K, 0% used [0x00000000e0000000,0x00000000e0000000,0x00000000e3a80000)
  from space 10240K, 53% used [0x00000000e3a80000,0x00000000e3fd16a0,0x00000000e4480000)
  to   space 9728K, 0% used [0x00000000e7e80000,0x00000000e7e80000,0x00000000e8800000)
 ParOldGen       total 79360K, used 9024K [0x00000000a0000000, 0x00000000a4d80000, 0x00000000e0000000)
  object space 79360K, 11% used [0x00000000a0000000,0x00000000a08d0048,0x00000000a4d80000)
 Metaspace       used 20718K, capacity 21198K, committed 21296K, reserved 1067008K
  class space    used 2991K, capacity 3165K, committed 3200K, reserved 1048576K
Event: 7.135 GC heap after
Heap after GC invocations=8 (full 1):
 PSYoungGen      total 70144K, used 0K [0x00000000e0000000, 0x00000000e8800000, 0x0000000100000000)
  eden space 59904K, 0% used [0x00000000e0000000,0x00000000e0000000,0x00000000e3a80000)
  from space 10240K, 0% used [0x00000000e3a80000,0x00000000e3a80000,0x00000000e4480000)
  to   space 9728K, 0% used [0x00000000e7e80000,0x00000000e7e80000,0x00000000e8800000)
 ParOldGen       total 50688K, used 8280K [0x00000000a0000000, 0x00000000a3180000, 0x00000000e0000000)
  object space 50688K, 16% used [0x00000000a0000000,0x00000000a0816178,0x00000000a3180000)
 Metaspace       used 20718K, capacity 21198K, committed 21296K, reserved 1067008K
  class space    used 2991K, capacity 3165K, committed 3200K, reserved 1048576K
}
Event: 8.553 GC heap before
{Heap before GC invocations=9 (full 1):
 PSYoungGen      total 70144K, used 59904K [0x00000000e0000000, 0x00000000e8800000, 0x0000000100000000)
  eden space 59904K, 100% used [0x00000000e0000000,0x00000000e3a80000,0x00000000e3a80000)
  from space 10240K, 0% used [0x00000000e3a80000,0x00000000e3a80000,0x00000000e4480000)
  to   space 9728K, 0% used [0x00000000e7e80000,0x00000000e7e80000,0x00000000e8800000)
 ParOldGen       total 50688K, used 8280K [0x00000000a0000000, 0x00000000a3180000, 0x00000000e0000000)
  object space 50688K, 16% used [0x00000000a0000000,0x00000000a0816178,0x00000000a3180000)
 Metaspace       used 28446K, capacity 29028K, committed 29312K, reserved 1075200K
  class space    used 3909K, capacity 4103K, committed 4224K, reserved 1048576K
Event: 8.567 GC heap after
Heap after GC invocations=9 (full 1):
 PSYoungGen      total 110592K, used 7790K [0x00000000e0000000, 0x00000000e8680000, 0x0000000100000000)
  eden space 102400K, 0% used [0x00000000e0000000,0x00000000e0000000,0x00000000e6400000)
  from space 8192K, 95% used [0x00000000e7e80000,0x00000000e861ba88,0x00000000e8680000)
  to   space 10240K, 0% used [0x00000000e7280000,0x00000000e7280000,0x00000000e7c80000)
 ParOldGen       total 50688K, used 8288K [0x00000000a0000000, 0x00000000a3180000, 0x00000000e0000000)
  object space 50688K, 16% used [0x00000000a0000000,0x00000000a0818178,0x00000000a3180000)
 Metaspace       used 28446K, capacity 29028K, committed 29312K, reserved 1075200K
  class space    used 3909K, capacity 4103K, committed 4224K, reserved 1048576K
}
Event: 10.912 GC heap before
{Heap before GC invocations=10 (full 1):
 PSYoungGen      total 110592K, used 110190K [0x00000000e0000000, 0x00000000e8680000, 0x0000000100000000)
  eden space 102400K, 100% used [0x00000000e0000000,0x00000000e6400000,0x00000000e6400000)
  from space 8192K, 95% used [0x00000000e7e80000,0x00000000e861ba88,0x00000000e8680000)
  to   space 10240K, 0% used [0x00000000e7280000,0x00000000e7280000,0x00000000e7c80000)
 ParOldGen       total 50688K, used 8288K [0x00000000a0000000, 0x00000000a3180000, 0x00000000e0000000)
  object space 50688K, 16% used [0x00000000a0000000,0x00000000a0818178,0x00000000a3180000)
 Metaspace       used 33839K, capacity 34432K, committed 34560K, reserved 1079296K
  class space    used 4626K, capacity 4821K, committed 4864K, reserved 1048576K
Event: 10.932 GC heap after
Heap after GC invocations=10 (full 1):
 PSYoungGen      total 127488K, used 10222K [0x00000000e0000000, 0x00000000ea380000, 0x0000000100000000)
  eden space 117248K, 0% used [0x00000000e0000000,0x00000000e0000000,0x00000000e7280000)
  from space 10240K, 99% used [0x00000000e7280000,0x00000000e7c7ba38,0x00000000e7c80000)
  to   space 11776K, 0% used [0x00000000e9800000,0x00000000e9800000,0x00000000ea380000)
 ParOldGen       total 50688K, used 9320K [0x00000000a0000000, 0x00000000a3180000, 0x00000000e0000000)
  object space 50688K, 18% used [0x00000000a0000000,0x00000000a091a018,0x00000000a3180000)
 Metaspace       used 33839K, capacity 34432K, committed 34560K, reserved 1079296K
  class space    used 4626K, capacity 4821K, committed 4864K, reserved 1048576K
}
Event: 11.657 GC heap before
{Heap before GC invocations=11 (full 1):
 PSYoungGen      total 127488K, used 43424K [0x00000000e0000000, 0x00000000ea380000, 0x0000000100000000)
  eden space 117248K, 28% used [0x00000000e0000000,0x00000000e206c648,0x00000000e7280000)
  from space 10240K, 99% used [0x00000000e7280000,0x00000000e7c7ba38,0x00000000e7c80000)
  to   space 11776K, 0% used [0x00000000e9800000,0x00000000e9800000,0x00000000ea380000)
 ParOldGen       total 50688K, used 9320K [0x00000000a0000000, 0x00000000a3180000, 0x00000000e0000000)
  object space 50688K, 18% used [0x00000000a0000000,0x00000000a091a018,0x00000000a3180000)
 Metaspace       used 34655K, capacity 35428K, committed 35496K, reserved 1079296K
  class space    used 4764K, capacity 5001K, committed 5032K, reserved 1048576K
Event: 11.686 GC heap after
Heap after GC invocations=11 (full 1):
 PSYoungGen      total 129024K, used 5669K [0x00000000e0000000, 0x00000000ea380000, 0x0000000100000000)
  eden space 117248K, 0% used [0x00000000e0000000,0x00000000e0000000,0x00000000e7280000)
  from space 11776K, 48% used [0x00000000e9800000,0x00000000e9d894c8,0x00000000ea380000)
  to   space 10240K, 0% used [0x00000000e7280000,0x00000000e7280000,0x00000000e7c80000)
 ParOldGen       total 50688K, used 12716K [0x00000000a0000000, 0x00000000a3180000, 0x00000000e0000000)
  object space 50688K, 25% used [0x00000000a0000000,0x00000000a0c6b048,0x00000000a3180000)
 Metaspace       used 34655K, capacity 35428K, committed 35496K, reserved 1079296K
  class space    used 4764K, capacity 5001K, committed 5032K, reserved 1048576K
}
Event: 11.686 GC heap before
{Heap before GC invocations=12 (full 2):
 PSYoungGen      total 129024K, used 5669K [0x00000000e0000000, 0x00000000ea380000, 0x0000000100000000)
  eden space 117248K, 0% used [0x00000000e0000000,0x00000000e0000000,0x00000000e7280000)
  from space 11776K, 48% used [0x00000000e9800000,0x00000000e9d894c8,0x00000000ea380000)
  to   space 10240K, 0% used [0x00000000e7280000,0x00000000e7280000,0x00000000e7c80000)
 ParOldGen       total 50688K, used 12716K [0x00000000a0000000, 0x00000000a3180000, 0x00000000e0000000)
  object space 50688K, 25% used [0x00000000a0000000,0x00000000a0c6b048,0x00000000a3180000)
 Metaspace       used 34655K, capacity 35428K, committed 35496K, reserved 1079296K
  class space    used 4764K, capacity 5001K, committed 5032K, reserved 1048576K
Event: 11.808 GC heap after
Heap after GC invocations=12 (full 2):
 PSYoungGen      total 129024K, used 0K [0x00000000e0000000, 0x00000000ea380000, 0x0000000100000000)
  eden space 117248K, 0% used [0x00000000e0000000,0x00000000e0000000,0x00000000e7280000)
  from space 11776K, 0% used [0x00000000e9800000,0x00000000e9800000,0x00000000ea380000)
  to   space 10240K, 0% used [0x00000000e7280000,0x00000000e7280000,0x00000000e7c80000)
 ParOldGen       total 50688K, used 16029K [0x00000000a0000000, 0x00000000a3180000, 0x00000000e0000000)
  object space 50688K, 31% used [0x00000000a0000000,0x00000000a0fa76d0,0x00000000a3180000)
 Metaspace       used 34641K, capacity 35380K, committed 35496K, reserved 1079296K
  class space    used 4760K, capacity 4993K, committed 5032K, reserved 1048576K
}

