# JRE version: OpenJDK Runtime Environment (8.0_212-b04) (build 1.8.0_212-release-1586-b04)
# Java VM: OpenJDK 64-Bit Server VM (25.212-b04 mixed mode windows-amd64 compressed oops)
Heap:
 PSYoungGen      total 380416K, used 247350K [0x00000000e0000000, 0x0000000100000000, 0x0000000100000000)
  eden space 314368K, 72% used [0x00000000e0000000,0x00000000edd63ec0,0x00000000f3300000)
  from space 66048K, 31% used [0x00000000f3300000,0x00000000f476dfd0,0x00000000f7380000)
  to   space 62464K, 0% used [0x00000000fc300000,0x00000000fc300000,0x0000000100000000)
 ParOldGen       total 250368K, used 188845K [0x00000000a0000000, 0x00000000af480000, 0x00000000e0000000)
  object space 250368K, 75% used [0x00000000a0000000,0x00000000ab86b700,0x00000000af480000)
 Metaspace       used 96116K, capacity 100584K, committed 100760K, reserved 1136640K
  class space    used 12487K, capacity 13444K, committed 13464K, reserved 1048576K
GC Heap History (10 events):
Event: 1256.430 GC heap before
{Heap before GC invocations=19 (full 3):
 PSYoungGen      total 300544K, used 290877K [0x00000000e0000000, 0x00000000f4a80000, 0x0000000100000000)
  eden space 268288K, 100% used [0x00000000e0000000,0x00000000f0600000,0x00000000f0600000)
  from space 32256K, 70% used [0x00000000f0600000,0x00000000f1c0f5f8,0x00000000f2580000)
  to   space 33280K, 0% used [0x00000000f2a00000,0x00000000f2a00000,0x00000000f4a80000)
 ParOldGen       total 137728K, used 81585K [0x00000000a0000000, 0x00000000a8680000, 0x00000000e0000000)
  object space 137728K, 59% used [0x00000000a0000000,0x00000000a4fac468,0x00000000a8680000)
 Metaspace       used 93428K, capacity 97860K, committed 97944K, reserved 1134592K
  class space    used 12199K, capacity 13176K, committed 13208K, reserved 1048576K
Event: 1256.516 GC heap after
Heap after GC invocations=19 (full 3):
 PSYoungGen      total 291328K, used 33268K [0x00000000e0000000, 0x00000000f9100000, 0x0000000100000000)
  eden space 258048K, 0% used [0x00000000e0000000,0x00000000e0000000,0x00000000efc00000)
  from space 33280K, 99% used [0x00000000f2a00000,0x00000000f4a7d308,0x00000000f4a80000)
  to   space 47104K, 0% used [0x00000000efc00000,0x00000000efc00000,0x00000000f2a00000)
 ParOldGen       total 137728K, used 106108K [0x00000000a0000000, 0x00000000a8680000, 0x00000000e0000000)
  object space 137728K, 77% used [0x00000000a0000000,0x00000000a679f388,0x00000000a8680000)
 Metaspace       used 93428K, capacity 97860K, committed 97944K, reserved 1134592K
  class space    used 12199K, capacity 13176K, committed 13208K, reserved 1048576K
}
Event: 1256.753 GC heap before
{Heap before GC invocations=20 (full 3):
 PSYoungGen      total 291328K, used 42144K [0x00000000e0000000, 0x00000000f9100000, 0x0000000100000000)
  eden space 258048K, 3% used [0x00000000e0000000,0x00000000e08aaf48,0x00000000efc00000)
  from space 33280K, 99% used [0x00000000f2a00000,0x00000000f4a7d308,0x00000000f4a80000)
  to   space 47104K, 0% used [0x00000000efc00000,0x00000000efc00000,0x00000000f2a00000)
 ParOldGen       total 137728K, used 106108K [0x00000000a0000000, 0x00000000a8680000, 0x00000000e0000000)
  object space 137728K, 77% used [0x00000000a0000000,0x00000000a679f388,0x00000000a8680000)
 Metaspace       used 93966K, capacity 98500K, committed 98584K, reserved 1134592K
  class space    used 12294K, capacity 13292K, committed 13336K, reserved 1048576K
Event: 1256.830 GC heap after
Heap after GC invocations=20 (full 3):
 PSYoungGen      total 305152K, used 4403K [0x00000000e0000000, 0x00000000fa180000, 0x0000000100000000)
  eden space 258048K, 0% used [0x00000000e0000000,0x00000000e0000000,0x00000000efc00000)
  from space 47104K, 9% used [0x00000000efc00000,0x00000000f004cfe8,0x00000000f2a00000)
  to   space 47104K, 0% used [0x00000000f7380000,0x00000000f7380000,0x00000000fa180000)
 ParOldGen       total 139776K, used 139306K [0x00000000a0000000, 0x00000000a8880000, 0x00000000e0000000)
  object space 139776K, 99% used [0x00000000a0000000,0x00000000a880ab80,0x00000000a8880000)
 Metaspace       used 93966K, capacity 98500K, committed 98584K, reserved 1134592K
  class space    used 12294K, capacity 13292K, committed 13336K, reserved 1048576K
}
Event: 1256.830 GC heap before
{Heap before GC invocations=21 (full 4):
 PSYoungGen      total 305152K, used 4403K [0x00000000e0000000, 0x00000000fa180000, 0x0000000100000000)
  eden space 258048K, 0% used [0x00000000e0000000,0x00000000e0000000,0x00000000efc00000)
  from space 47104K, 9% used [0x00000000efc00000,0x00000000f004cfe8,0x00000000f2a00000)
  to   space 47104K, 0% used [0x00000000f7380000,0x00000000f7380000,0x00000000fa180000)
 ParOldGen       total 139776K, used 139306K [0x00000000a0000000, 0x00000000a8880000, 0x00000000e0000000)
  object space 139776K, 99% used [0x00000000a0000000,0x00000000a880ab80,0x00000000a8880000)
 Metaspace       used 93966K, capacity 98500K, committed 98584K, reserved 1134592K
  class space    used 12294K, capacity 13292K, committed 13336K, reserved 1048576K
Event: 1257.533 GC heap after
Heap after GC invocations=21 (full 4):
 PSYoungGen      total 305152K, used 0K [0x00000000e0000000, 0x00000000fa180000, 0x0000000100000000)
  eden space 258048K, 0% used [0x00000000e0000000,0x00000000e0000000,0x00000000efc00000)
  from space 47104K, 0% used [0x00000000efc00000,0x00000000efc00000,0x00000000f2a00000)
  to   space 47104K, 0% used [0x00000000f7380000,0x00000000f7380000,0x00000000fa180000)
 ParOldGen       total 250368K, used 116832K [0x00000000a0000000, 0x00000000af480000, 0x00000000e0000000)
  object space 250368K, 46% used [0x00000000a0000000,0x00000000a7218088,0x00000000af480000)
 Metaspace       used 93734K, capacity 97874K, committed 98584K, reserved 1134592K
  class space    used 12215K, capacity 13153K, committed 13336K, reserved 1048576K
}
Event: 1260.471 GC heap before
{Heap before GC invocations=22 (full 4):
 PSYoungGen      total 305152K, used 258048K [0x00000000e0000000, 0x00000000fa180000, 0x0000000100000000)
  eden space 258048K, 100% used [0x00000000e0000000,0x00000000efc00000,0x00000000efc00000)
  from space 47104K, 0% used [0x00000000efc00000,0x00000000efc00000,0x00000000f2a00000)
  to   space 47104K, 0% used [0x00000000f7380000,0x00000000f7380000,0x00000000fa180000)
 ParOldGen       total 250368K, used 116832K [0x00000000a0000000, 0x00000000af480000, 0x00000000e0000000)
  object space 250368K, 46% used [0x00000000a0000000,0x00000000a7218088,0x00000000af480000)
 Metaspace       used 93844K, capacity 98018K, committed 98840K, reserved 1134592K
  class space    used 12216K, capacity 13153K, committed 13336K, reserved 1048576K
Event: 1260.604 GC heap after
Heap after GC invocations=22 (full 4):
 PSYoungGen      total 361472K, used 47097K [0x00000000e0000000, 0x00000000fc980000, 0x0000000100000000)
  eden space 314368K, 0% used [0x00000000e0000000,0x00000000e0000000,0x00000000f3300000)
  from space 47104K, 99% used [0x00000000f7380000,0x00000000fa17e7d0,0x00000000fa180000)
  to   space 66048K, 0% used [0x00000000f3300000,0x00000000f3300000,0x00000000f7380000)
 ParOldGen       total 250368K, used 147483K [0x00000000a0000000, 0x00000000af480000, 0x00000000e0000000)
  object space 250368K, 58% used [0x00000000a0000000,0x00000000a9006d28,0x00000000af480000)
 Metaspace       used 93844K, capacity 98018K, committed 98840K, reserved 1134592K
  class space    used 12216K, capacity 13153K, committed 13336K, reserved 1048576K
}
Event: 1894.234 GC heap before
{Heap before GC invocations=23 (full 4):
 PSYoungGen      total 361472K, used 361358K [0x00000000e0000000, 0x00000000fc980000, 0x0000000100000000)
  eden space 314368K, 99% used [0x00000000e0000000,0x00000000f32e5338,0x00000000f3300000)
  from space 47104K, 99% used [0x00000000f7380000,0x00000000fa17e7d0,0x00000000fa180000)
  to   space 66048K, 0% used [0x00000000f3300000,0x00000000f3300000,0x00000000f7380000)
 ParOldGen       total 250368K, used 147483K [0x00000000a0000000, 0x00000000af480000, 0x00000000e0000000)
  object space 250368K, 58% used [0x00000000a0000000,0x00000000a9006d28,0x00000000af480000)
 Metaspace       used 95753K, capacity 100166K, committed 100248K, reserved 1136640K
  class space    used 12481K, capacity 13437K, committed 13464K, reserved 1048576K
Event: 1894.447 GC heap after
Heap after GC invocations=23 (full 4):
 PSYoungGen      total 380416K, used 20919K [0x00000000e0000000, 0x0000000100000000, 0x0000000100000000)
  eden space 314368K, 0% used [0x00000000e0000000,0x00000000e0000000,0x00000000f3300000)
  from space 66048K, 31% used [0x00000000f3300000,0x00000000f476dfd0,0x00000000f7380000)
  to   space 62464K, 0% used [0x00000000fc300000,0x00000000fc300000,0x0000000100000000)
 ParOldGen       total 250368K, used 188845K [0x00000000a0000000, 0x00000000af480000, 0x00000000e0000000)
  object space 250368K, 75% used [0x00000000a0000000,0x00000000ab86b700,0x00000000af480000)
 Metaspace       used 95753K, capacity 100166K, committed 100248K, reserved 1136640K
  class space    used 12481K, capacity 13437K, committed 13464K, reserved 1048576K
}

