# JRE version: OpenJDK Runtime Environment (8.0_212-b04) (build 1.8.0_212-release-1586-b04)
# Java VM: OpenJDK 64-Bit Server VM (25.212-b04 mixed mode windows-amd64 compressed oops)
Heap:
 PSYoungGen      total 54272K, used 16252K [0x00000000e0000000, 0x00000000e4d00000, 0x0000000100000000)
  eden space 44544K, 26% used [0x00000000e0000000,0x00000000e0b73808,0x00000000e2b80000)
  from space 9728K, 46% used [0x00000000e4380000,0x00000000e47ebb20,0x00000000e4d00000)
  to   space 9728K, 0% used [0x00000000e2b80000,0x00000000e2b80000,0x00000000e3500000)
 ParOldGen       total 54784K, used 13014K [0x00000000a0000000, 0x00000000a3580000, 0x00000000e0000000)
  object space 54784K, 23% used [0x00000000a0000000,0x00000000a0cb5b88,0x00000000a3580000)
 Metaspace       used 31844K, capacity 32396K, committed 32512K, reserved 1077248K
  class space    used 4365K, capacity 4563K, committed 4608K, reserved 1048576K
GC Heap History (10 events):
Event: 7.554 GC heap before
{Heap before GC invocations=7 (full 0):
 PSYoungGen      total 29184K, used 16549K [0x00000000e0000000, 0x00000000e4f00000, 0x0000000100000000)
  eden space 24576K, 48% used [0x00000000e0000000,0x00000000e0bac4a8,0x00000000e1800000)
  from space 4608K, 99% used [0x00000000e2200000,0x00000000e267d060,0x00000000e2680000)
  to   space 10240K, 0% used [0x00000000e1800000,0x00000000e1800000,0x00000000e2200000)
 ParOldGen       total 79360K, used 10549K [0x00000000a0000000, 0x00000000a4d80000, 0x00000000e0000000)
  object space 79360K, 13% used [0x00000000a0000000,0x00000000a0a4d4c8,0x00000000a4d80000)
 Metaspace       used 20759K, capacity 21202K, committed 21296K, reserved 1067008K
  class space    used 2998K, capacity 3165K, committed 3200K, reserved 1048576K
Event: 7.565 GC heap after
Heap after GC invocations=7 (full 0):
 PSYoungGen      total 34816K, used 4923K [0x00000000e0000000, 0x00000000e4400000, 0x0000000100000000)
  eden space 24576K, 0% used [0x00000000e0000000,0x00000000e0000000,0x00000000e1800000)
  from space 10240K, 48% used [0x00000000e1800000,0x00000000e1ccede0,0x00000000e2200000)
  to   space 10240K, 0% used [0x00000000e3a00000,0x00000000e3a00000,0x00000000e4400000)
 ParOldGen       total 79360K, used 12013K [0x00000000a0000000, 0x00000000a4d80000, 0x00000000e0000000)
  object space 79360K, 15% used [0x00000000a0000000,0x00000000a0bbb508,0x00000000a4d80000)
 Metaspace       used 20759K, capacity 21202K, committed 21296K, reserved 1067008K
  class space    used 2998K, capacity 3165K, committed 3200K, reserved 1048576K
}
Event: 7.565 GC heap before
{Heap before GC invocations=8 (full 1):
 PSYoungGen      total 34816K, used 4923K [0x00000000e0000000, 0x00000000e4400000, 0x0000000100000000)
  eden space 24576K, 0% used [0x00000000e0000000,0x00000000e0000000,0x00000000e1800000)
  from space 10240K, 48% used [0x00000000e1800000,0x00000000e1ccede0,0x00000000e2200000)
  to   space 10240K, 0% used [0x00000000e3a00000,0x00000000e3a00000,0x00000000e4400000)
 ParOldGen       total 79360K, used 12013K [0x00000000a0000000, 0x00000000a4d80000, 0x00000000e0000000)
  object space 79360K, 15% used [0x00000000a0000000,0x00000000a0bbb508,0x00000000a4d80000)
 Metaspace       used 20759K, capacity 21202K, committed 21296K, reserved 1067008K
  class space    used 2998K, capacity 3165K, committed 3200K, reserved 1048576K
Event: 7.636 GC heap after
Heap after GC invocations=8 (full 1):
 PSYoungGen      total 34816K, used 0K [0x00000000e0000000, 0x00000000e4400000, 0x0000000100000000)
  eden space 24576K, 0% used [0x00000000e0000000,0x00000000e0000000,0x00000000e1800000)
  from space 10240K, 0% used [0x00000000e1800000,0x00000000e1800000,0x00000000e2200000)
  to   space 10240K, 0% used [0x00000000e3a00000,0x00000000e3a00000,0x00000000e4400000)
 ParOldGen       total 54784K, used 10594K [0x00000000a0000000, 0x00000000a3580000, 0x00000000e0000000)
  object space 54784K, 19% used [0x00000000a0000000,0x00000000a0a58b58,0x00000000a3580000)
 Metaspace       used 20759K, capacity 21202K, committed 21296K, reserved 1067008K
  class space    used 2998K, capacity 3165K, committed 3200K, reserved 1048576K
}
Event: 8.388 GC heap before
{Heap before GC invocations=9 (full 1):
 PSYoungGen      total 34816K, used 24576K [0x00000000e0000000, 0x00000000e4400000, 0x0000000100000000)
  eden space 24576K, 100% used [0x00000000e0000000,0x00000000e1800000,0x00000000e1800000)
  from space 10240K, 0% used [0x00000000e1800000,0x00000000e1800000,0x00000000e2200000)
  to   space 10240K, 0% used [0x00000000e3a00000,0x00000000e3a00000,0x00000000e4400000)
 ParOldGen       total 54784K, used 10594K [0x00000000a0000000, 0x00000000a3580000, 0x00000000e0000000)
  object space 54784K, 19% used [0x00000000a0000000,0x00000000a0a58b58,0x00000000a3580000)
 Metaspace       used 25565K, capacity 26046K, committed 26240K, reserved 1071104K
  class space    used 3467K, capacity 3648K, committed 3712K, reserved 1048576K
Event: 8.397 GC heap after
Heap after GC invocations=9 (full 1):
 PSYoungGen      total 46080K, used 4135K [0x00000000e0000000, 0x00000000e3e80000, 0x0000000100000000)
  eden space 41472K, 0% used [0x00000000e0000000,0x00000000e0000000,0x00000000e2880000)
  from space 4608K, 89% used [0x00000000e3a00000,0x00000000e3e09d00,0x00000000e3e80000)
  to   space 9728K, 0% used [0x00000000e2b80000,0x00000000e2b80000,0x00000000e3500000)
 ParOldGen       total 54784K, used 10602K [0x00000000a0000000, 0x00000000a3580000, 0x00000000e0000000)
  object space 54784K, 19% used [0x00000000a0000000,0x00000000a0a5ab58,0x00000000a3580000)
 Metaspace       used 25565K, capacity 26046K, committed 26240K, reserved 1071104K
  class space    used 3467K, capacity 3648K, committed 3712K, reserved 1048576K
}
Event: 9.274 GC heap before
{Heap before GC invocations=10 (full 1):
 PSYoungGen      total 46080K, used 45607K [0x00000000e0000000, 0x00000000e3e80000, 0x0000000100000000)
  eden space 41472K, 100% used [0x00000000e0000000,0x00000000e2880000,0x00000000e2880000)
  from space 4608K, 89% used [0x00000000e3a00000,0x00000000e3e09d00,0x00000000e3e80000)
  to   space 9728K, 0% used [0x00000000e2b80000,0x00000000e2b80000,0x00000000e3500000)
 ParOldGen       total 54784K, used 10602K [0x00000000a0000000, 0x00000000a3580000, 0x00000000e0000000)
  object space 54784K, 19% used [0x00000000a0000000,0x00000000a0a5ab58,0x00000000a3580000)
 Metaspace       used 29216K, capacity 29780K, committed 30080K, reserved 1075200K
  class space    used 3943K, capacity 4139K, committed 4224K, reserved 1048576K
Event: 9.299 GC heap after
Heap after GC invocations=10 (full 1):
 PSYoungGen      total 54272K, used 6503K [0x00000000e0000000, 0x00000000e4d00000, 0x0000000100000000)
  eden space 44544K, 0% used [0x00000000e0000000,0x00000000e0000000,0x00000000e2b80000)
  from space 9728K, 66% used [0x00000000e2b80000,0x00000000e31d9c20,0x00000000e3500000)
  to   space 9728K, 0% used [0x00000000e4380000,0x00000000e4380000,0x00000000e4d00000)
 ParOldGen       total 54784K, used 10610K [0x00000000a0000000, 0x00000000a3580000, 0x00000000e0000000)
  object space 54784K, 19% used [0x00000000a0000000,0x00000000a0a5cb58,0x00000000a3580000)
 Metaspace       used 29216K, capacity 29780K, committed 30080K, reserved 1075200K
  class space    used 3943K, capacity 4139K, committed 4224K, reserved 1048576K
}
Event: 10.236 GC heap before
{Heap before GC invocations=11 (full 1):
 PSYoungGen      total 54272K, used 51047K [0x00000000e0000000, 0x00000000e4d00000, 0x0000000100000000)
  eden space 44544K, 100% used [0x00000000e0000000,0x00000000e2b80000,0x00000000e2b80000)
  from space 9728K, 66% used [0x00000000e2b80000,0x00000000e31d9c20,0x00000000e3500000)
  to   space 9728K, 0% used [0x00000000e4380000,0x00000000e4380000,0x00000000e4d00000)
 ParOldGen       total 54784K, used 10610K [0x00000000a0000000, 0x00000000a3580000, 0x00000000e0000000)
  object space 54784K, 19% used [0x00000000a0000000,0x00000000a0a5cb58,0x00000000a3580000)
 Metaspace       used 31215K, capacity 31788K, committed 31872K, reserved 1077248K
  class space    used 4260K, capacity 4467K, committed 4480K, reserved 1048576K
Event: 10.275 GC heap after
Heap after GC invocations=11 (full 1):
 PSYoungGen      total 54272K, used 4526K [0x00000000e0000000, 0x00000000e4d00000, 0x0000000100000000)
  eden space 44544K, 0% used [0x00000000e0000000,0x00000000e0000000,0x00000000e2b80000)
  from space 9728K, 46% used [0x00000000e4380000,0x00000000e47ebb20,0x00000000e4d00000)
  to   space 9728K, 0% used [0x00000000e2b80000,0x00000000e2b80000,0x00000000e3500000)
 ParOldGen       total 54784K, used 13014K [0x00000000a0000000, 0x00000000a3580000, 0x00000000e0000000)
  object space 54784K, 23% used [0x00000000a0000000,0x00000000a0cb5b88,0x00000000a3580000)
 Metaspace       used 31215K, capacity 31788K, committed 31872K, reserved 1077248K
  class space    used 4260K, capacity 4467K, committed 4480K, reserved 1048576K
}

