# JRE version: OpenJDK Runtime Environment (8.0_212-b04) (build 1.8.0_212-release-1586-b04)
# Java VM: OpenJDK 64-Bit Server VM (25.212-b04 mixed mode windows-amd64 compressed oops)
Heap:
 PSYoungGen      total 390144K, used 59698K [0x00000000e0000000, 0x0000000100000000, 0x0000000100000000)
  eden space 256000K, 4% used [0x00000000e0000000,0x00000000e0aefa40,0x00000000efa00000)
  from space 134144K, 36% used [0x00000000efa00000,0x00000000f295d070,0x00000000f7d00000)
  to   space 129024K, 0% used [0x00000000f8200000,0x00000000f8200000,0x0000000100000000)
 ParOldGen       total 226304K, used 187832K [0x00000000a0000000, 0x00000000add00000, 0x00000000e0000000)
  object space 226304K, 82% used [0x00000000a0000000,0x00000000ab76e070,0x00000000add00000)
 Metaspace       used 112315K, capacity 120866K, committed 121152K, reserved 1155072K
  class space    used 14232K, capacity 15857K, committed 15976K, reserved 1048576K
GC Heap History (10 events):
Event: 2405.610 GC heap before
{Heap before GC invocations=48 (full 4):
 PSYoungGen      total 378880K, used 345747K [0x00000000e0000000, 0x00000000fef80000, 0x0000000100000000)
  eden space 291328K, 100% used [0x00000000e0000000,0x00000000f1c80000,0x00000000f1c80000)
  from space 87552K, 62% used [0x00000000f1c80000,0x00000000f51a4f28,0x00000000f7200000)
  to   space 88576K, 0% used [0x00000000f9900000,0x00000000f9900000,0x00000000fef80000)
 ParOldGen       total 226304K, used 141789K [0x00000000a0000000, 0x00000000add00000, 0x00000000e0000000)
  object space 226304K, 62% used [0x00000000a0000000,0x00000000a8a77618,0x00000000add00000)
 Metaspace       used 110940K, capacity 118048K, committed 118080K, reserved 1153024K
  class space    used 14019K, capacity 15464K, committed 15464K, reserved 1048576K
Event: 2405.970 GC heap after
Heap after GC invocations=48 (full 4):
 PSYoungGen      total 402944K, used 88549K [0x00000000e0000000, 0x0000000100000000, 0x0000000100000000)
  eden space 314368K, 0% used [0x00000000e0000000,0x00000000e0000000,0x00000000f3300000)
  from space 88576K, 99% used [0x00000000f9900000,0x00000000fef79740,0x00000000fef80000)
  to   space 104448K, 0% used [0x00000000f3300000,0x00000000f3300000,0x00000000f9900000)
 ParOldGen       total 226304K, used 150295K [0x00000000a0000000, 0x00000000add00000, 0x00000000e0000000)
  object space 226304K, 66% used [0x00000000a0000000,0x00000000a92c5e20,0x00000000add00000)
 Metaspace       used 110940K, capacity 118048K, committed 118080K, reserved 1153024K
  class space    used 14019K, capacity 15464K, committed 15464K, reserved 1048576K
}
Event: 2438.505 GC heap before
{Heap before GC invocations=49 (full 4):
 PSYoungGen      total 402944K, used 402917K [0x00000000e0000000, 0x0000000100000000, 0x0000000100000000)
  eden space 314368K, 100% used [0x00000000e0000000,0x00000000f3300000,0x00000000f3300000)
  from space 88576K, 99% used [0x00000000f9900000,0x00000000fef79740,0x00000000fef80000)
  to   space 104448K, 0% used [0x00000000f3300000,0x00000000f3300000,0x00000000f9900000)
 ParOldGen       total 226304K, used 150295K [0x00000000a0000000, 0x00000000add00000, 0x00000000e0000000)
  object space 226304K, 66% used [0x00000000a0000000,0x00000000a92c5e20,0x00000000add00000)
 Metaspace       used 111114K, capacity 118380K, committed 118720K, reserved 1153024K
  class space    used 14038K, capacity 15498K, committed 15592K, reserved 1048576K
Event: 2438.629 GC heap after
Heap after GC invocations=49 (full 4):
 PSYoungGen      total 418816K, used 43138K [0x00000000e0000000, 0x0000000100000000, 0x0000000100000000)
  eden space 314368K, 0% used [0x00000000e0000000,0x00000000e0000000,0x00000000f3300000)
  from space 104448K, 41% used [0x00000000f3300000,0x00000000f5d209b8,0x00000000f9900000)
  to   space 99328K, 0% used [0x00000000f9f00000,0x00000000f9f00000,0x0000000100000000)
 ParOldGen       total 226304K, used 151165K [0x00000000a0000000, 0x00000000add00000, 0x00000000e0000000)
  object space 226304K, 66% used [0x00000000a0000000,0x00000000a939f4d8,0x00000000add00000)
 Metaspace       used 111114K, capacity 118380K, committed 118720K, reserved 1153024K
  class space    used 14038K, capacity 15498K, committed 15592K, reserved 1048576K
}
Event: 2443.324 GC heap before
{Heap before GC invocations=50 (full 4):
 PSYoungGen      total 418816K, used 357506K [0x00000000e0000000, 0x0000000100000000, 0x0000000100000000)
  eden space 314368K, 100% used [0x00000000e0000000,0x00000000f3300000,0x00000000f3300000)
  from space 104448K, 41% used [0x00000000f3300000,0x00000000f5d209b8,0x00000000f9900000)
  to   space 99328K, 0% used [0x00000000f9f00000,0x00000000f9f00000,0x0000000100000000)
 ParOldGen       total 226304K, used 151165K [0x00000000a0000000, 0x00000000add00000, 0x00000000e0000000)
  object space 226304K, 66% used [0x00000000a0000000,0x00000000a939f4d8,0x00000000add00000)
 Metaspace       used 111215K, capacity 118464K, committed 118720K, reserved 1153024K
  class space    used 14039K, capacity 15500K, committed 15592K, reserved 1048576K
Event: 2443.577 GC heap after
Heap after GC invocations=50 (full 4):
 PSYoungGen      total 392192K, used 99325K [0x00000000e0000000, 0x0000000100000000, 0x0000000100000000)
  eden space 292864K, 0% used [0x00000000e0000000,0x00000000e0000000,0x00000000f1e00000)
  from space 99328K, 99% used [0x00000000f9f00000,0x00000000fffff788,0x0000000100000000)
  to   space 115712K, 0% used [0x00000000f1e00000,0x00000000f1e00000,0x00000000f8f00000)
 ParOldGen       total 226304K, used 157212K [0x00000000a0000000, 0x00000000add00000, 0x00000000e0000000)
  object space 226304K, 69% used [0x00000000a0000000,0x00000000a99873c8,0x00000000add00000)
 Metaspace       used 111215K, capacity 118464K, committed 118720K, reserved 1153024K
  class space    used 14039K, capacity 15500K, committed 15592K, reserved 1048576K
}
Event: 2536.628 GC heap before
{Heap before GC invocations=51 (full 4):
 PSYoungGen      total 392192K, used 392189K [0x00000000e0000000, 0x0000000100000000, 0x0000000100000000)
  eden space 292864K, 100% used [0x00000000e0000000,0x00000000f1e00000,0x00000000f1e00000)
  from space 99328K, 99% used [0x00000000f9f00000,0x00000000fffff788,0x0000000100000000)
  to   space 115712K, 0% used [0x00000000f1e00000,0x00000000f1e00000,0x00000000f8f00000)
 ParOldGen       total 226304K, used 157212K [0x00000000a0000000, 0x00000000add00000, 0x00000000e0000000)
  object space 226304K, 69% used [0x00000000a0000000,0x00000000a99873c8,0x00000000add00000)
 Metaspace       used 111290K, capacity 118552K, committed 118720K, reserved 1153024K
  class space    used 14041K, capacity 15504K, committed 15592K, reserved 1048576K
Event: 2536.910 GC heap after
Heap after GC invocations=51 (full 4):
 PSYoungGen      total 372224K, used 78968K [0x00000000e0000000, 0x0000000100000000, 0x0000000100000000)
  eden space 292864K, 0% used [0x00000000e0000000,0x00000000e0000000,0x00000000f1e00000)
  from space 79360K, 99% used [0x00000000f1e00000,0x00000000f6b1e260,0x00000000f6b80000)
  to   space 119296K, 0% used [0x00000000f8b80000,0x00000000f8b80000,0x0000000100000000)
 ParOldGen       total 226304K, used 157324K [0x00000000a0000000, 0x00000000add00000, 0x00000000e0000000)
  object space 226304K, 69% used [0x00000000a0000000,0x00000000a99a33c8,0x00000000add00000)
 Metaspace       used 111290K, capacity 118552K, committed 118720K, reserved 1153024K
  class space    used 14041K, capacity 15504K, committed 15592K, reserved 1048576K
}
Event: 2543.470 GC heap before
{Heap before GC invocations=52 (full 4):
 PSYoungGen      total 372224K, used 371832K [0x00000000e0000000, 0x0000000100000000, 0x0000000100000000)
  eden space 292864K, 100% used [0x00000000e0000000,0x00000000f1e00000,0x00000000f1e00000)
  from space 79360K, 99% used [0x00000000f1e00000,0x00000000f6b1e260,0x00000000f6b80000)
  to   space 119296K, 0% used [0x00000000f8b80000,0x00000000f8b80000,0x0000000100000000)
 ParOldGen       total 226304K, used 157324K [0x00000000a0000000, 0x00000000add00000, 0x00000000e0000000)
  object space 226304K, 69% used [0x00000000a0000000,0x00000000a99a33c8,0x00000000add00000)
 Metaspace       used 111384K, capacity 118620K, committed 118720K, reserved 1153024K
  class space    used 14042K, capacity 15504K, committed 15592K, reserved 1048576K
Event: 2543.899 GC heap after
Heap after GC invocations=52 (full 4):
 PSYoungGen      total 375296K, used 112632K [0x00000000e0000000, 0x0000000100000000, 0x0000000100000000)
  eden space 256000K, 0% used [0x00000000e0000000,0x00000000e0000000,0x00000000efa00000)
  from space 119296K, 94% used [0x00000000f8b80000,0x00000000ff97e130,0x0000000100000000)
  to   space 134144K, 0% used [0x00000000efa00000,0x00000000efa00000,0x00000000f7d00000)
 ParOldGen       total 226304K, used 187464K [0x00000000a0000000, 0x00000000add00000, 0x00000000e0000000)
  object space 226304K, 82% used [0x00000000a0000000,0x00000000ab712060,0x00000000add00000)
 Metaspace       used 111384K, capacity 118620K, committed 118720K, reserved 1153024K
  class space    used 14042K, capacity 15504K, committed 15592K, reserved 1048576K
}

